#
# A fatal error has been detected by the Java Runtime Environment:
#
#  EXCEPTION_ACCESS_VIOLATION (0xc0000005) at pc=0x000001d75c43102c, pid=6012, tid=12828
#
# JRE version: OpenJDK Runtime Environment Temurin-21.0.4+7 (21.0.4+7) (build 21.0.4+7-LTS)
# Java VM: OpenJDK 64-Bit Server VM Temurin-21.0.4+7 (21.0.4+7-LTS, mixed mode, emulated-client, tiered, compressed oops, compressed class ptrs, g1 gc, windows-amd64)
# Problematic frame:
# v  ~BufferBlob::MethodHandles adapters 0x000001d75c43102c
#
# No core dump will be written. Minidumps are not enabled by default on client versions of Windows
#
# If you would like to submit a bug report, please visit:
#   https://github.com/adoptium/adoptium-support/issues
#

---------------  S U M M A R Y ------------

Command Line: -XX:+ShowCodeDetailsInExceptionMessages -agentlib:jdwp=transport=dt_socket,suspend=y,address=localhost:63852 -Dcom.sun.management.jmxremote -Dcom.sun.management.jmxremote.port=63847 -Dcom.sun.management.jmxremote.authenticate=false -Dcom.sun.management.jmxremote.ssl=false -Djava.rmi.server.hostname=localhost -Dspring.jmx.enabled=true -Dmanagement.endpoints.jmx.exposure.include=* -Dspring.application.admin.enabled=true -XX:TieredStopAtLevel=1 -Dspring.boot.project.name=Lead_App -javaagent:E:\sts-4.25.0.RELEASE\configuration\org.eclipse.osgi\270\0\.cp\lib\javaagent-shaded.jar -Dfile.encoding=UTF-8 -Dstdout.encoding=UTF-8 -Dstderr.encoding=UTF-8 com.lead.LeadAppApplication --spring.output.ansi.enabled=always

Host: Intel(R) Core(TM) i7-8550U CPU @ 1.80GHz, 8 cores, 7G,  Windows 11 , 64 bit Build 26100 (10.0.26100.4768)
Time: Fri Oct  3 17:24:44 2025 India Standard Time elapsed time: 8933.913507 seconds (0d 2h 28m 53s)

---------------  T H R E A D  ---------------

Current thread (0x000001d76bf9a160):  JavaThread "restartedMain"        [_thread_in_Java, id=12828, stack(0x000000b175200000,0x000000b175300000) (1024K)]

Stack: [0x000000b175200000,0x000000b175300000],  sp=0x000000b1752fdef8,  free space=1015k
Native frames: (J=compiled Java code, j=interpreted, Vv=VM code, C=native code)
C  0x000001d75c43102c

The last pc belongs to _linkToSpecial (printed below).

siginfo: EXCEPTION_ACCESS_VIOLATION (0xc0000005), reading address 0xffffffffffffffff


Registers:
RAX=0x000001d75c409086, RBX=0x864ac6e000000000, RCX=0x000000b1752fdf00, RDX=0x0000000000000002
RSP=0x000000b1752fdef8, RBP=0x000000b1752fdf48, RSI=0x000001d76bf41e08, RDI=0x000001d76a043050
R8 =0x0000000000000004, R9 =0x0000000000000004, R10=0x00007ff956447040, R11=0x000001d7653ecce0
R12=0x0000000000000000, R13=0x000000b1752fdef8, R14=0x000000b1752fdf68, R15=0x000001d76bf9a160
RIP=0x000001d75c43102c, EFLAGS=0x0000000000010202


Register to memory mapping:

RAX=0x000001d75c409086 is at code_begin+3078 in an Interpreter codelet
return entry points  [0x000001d75c408480, 0x000001d75c40a298]  7704 bytes
RBX=0x864ac6e000000000 is an unknown value
RCX=0x000000b1752fdf00 is pointing into the stack for thread: 0x000001d76bf9a160
RDX=0x0000000000000002 is an unknown value
RSP=0x000000b1752fdef8 is pointing into the stack for thread: 0x000001d76bf9a160
RBP=0x000000b1752fdf48 is pointing into the stack for thread: 0x000001d76bf9a160
RSI=0x000001d76bf41e08 points into unknown readable memory: 0x88001a004bc22f2a | 2a 2f c2 4b 00 1a 00 88
RDI=0x000001d76a043050 points into unknown readable memory: 0x0000001800000070 | 70 00 00 00 18 00 00 00
R8 =0x0000000000000004 is an unknown value
R9 =0x0000000000000004 is an unknown value
R10=0x00007ff956447040 jvm.dll
R11={method} {0x000001d7653ecce8} 'newInvokeSpecial' '(Ljava/lang/Object;)Ljava/lang/Object;' in 'java/lang/invoke/DirectMethodHandle$Holder'
R12=0x0 is null
R13=0x000000b1752fdef8 is pointing into the stack for thread: 0x000001d76bf9a160
R14=0x000000b1752fdf68 is pointing into the stack for thread: 0x000001d76bf9a160
R15=0x000001d76bf9a160 is a thread

Top of Stack: (sp=0x000000b1752fdef8)
0x000000b1752fdef8:   000001d75c409086 000000b1752fdf00
0x000000b1752fdf08:   000001d7653ecccf 0000000000000004
0x000000b1752fdf18:   000001d7653f0aa8 0000000084000380
0x000000b1752fdf28:   00000000821b7f50 000001d7653ecce0
0x000000b1752fdf38:   000000b1752fdef8 000000b1752fdf70
0x000000b1752fdf48:   000000b1752ff000 000001d75c82eedb
0x000000b1752fdf58:   00000000864ac5e8 00000000864ac690
0x000000b1752fdf68:   00000000864ac648 00000000864ac398
0x000000b1752fdf78:   000001d75c719b7e 000000b1752ff000
0x000000b1752fdf88:   000001d75cd00074 0000000000000003
0x000000b1752fdf98:   00007ff955bfeecc 0000000084003410
0x000000b1752fdfa8:   000001d75c52ad7c 000001d76bf9a160
0x000000b1752fdfb8:   0000000000000000 0000000000000000
0x000000b1752fdfc8:   0000000000000000 000000010005adc8
0x000000b1752fdfd8:   000001d75c7fdc7e 0000000000000000
0x000000b1752fdfe8:   00000000821cb780 0000000084000380
0x000000b1752fdff8:   00000000864ac250 00000000864ac250
0x000000b1752fe008:   00000000864ac398 00000000864ac678
0x000000b1752fe018:   00000000864ac400 0000000084000380
0x000000b1752fe028:   0000000000000001 000000b1752ff000
0x000000b1752fe038:   000001d700000000 0000000000000000
0x000000b1752fe048:   0000000000000000 00000000864ac648
0x000000b1752fe058:   000001d75c82b05c 0000000000000000
0x000000b1752fe068:   0000000000000000 0000000000000000
0x000000b1752fe078:   00000001001afa00 000001d76bf9a160
0x000000b1752fe088:   0000000000000000 00000000864ac398
0x000000b1752fe098:   0000000000000000 00000000864ac250
0x000000b1752fe0a8:   00000000864ac678 00000000864ac398
0x000000b1752fe0b8:   0000000000000000 000001d76bf9a100
0x000000b1752fe0c8:   000001d75c82e434 000000b1752ff000
0x000000b1752fe0d8:   000001d75c82a54a 0000000000000000
0x000000b1752fe0e8:   000001d75c785b01 000000b1752ff000 

Instructions: (pc=0x000001d75c43102c)
0x000001d75c430f2c:   8b 59 14 8b 5b 28 8b 5b 24 48 8b 5b 10 48 85 db
0x000001d75c430f3c:   0f 84 10 00 00 00 41 80 bf e0 05 00 00 00 74 03
0x000001d75c430f4c:   ff 63 38 ff 63 50 e9 a9 16 00 00 66 0f 1f 84 00
0x000001d75c430f5c:   00 00 00 00 48 8b 53 08 0f b7 52 2e 48 8b 0c d4
0x000001d75c430f6c:   58 5b 50 44 8b 51 08 49 c1 e2 03 4c 8b 5b 10 4b
0x000001d75c430f7c:   8b 9c da c8 01 00 00 48 85 db 0f 84 10 00 00 00
0x000001d75c430f8c:   41 80 bf e0 05 00 00 00 74 03 ff 63 38 ff 63 50
0x000001d75c430f9c:   e9 5f 16 00 00 66 66 66 0f 1f 84 00 00 00 00 00
0x000001d75c430fac:   66 66 66 90 66 66 66 0f 1f 84 00 00 00 00 00 66
0x000001d75c430fbc:   66 66 90 90 58 5b 50 8b 5b 24 48 8b 5b 10 48 85
0x000001d75c430fcc:   db 0f 84 10 00 00 00 41 80 bf e0 05 00 00 00 74
0x000001d75c430fdc:   03 ff 63 38 ff 63 50 e9 18 16 00 00 66 66 66 0f
0x000001d75c430fec:   1f 84 00 00 00 00 00 66 66 66 90 66 0f 1f 84 00
0x000001d75c430ffc:   00 00 00 00 48 8b 53 08 0f b7 52 2e 48 8b 0c d4
0x000001d75c43100c:   58 5b 50 48 3b 01 8b 5b 24 48 8b 5b 10 48 85 db
0x000001d75c43101c:   0f 84 10 00 00 00 41 80 bf e0 05 00 00 00 74 03
0x000001d75c43102c:   ff 63 38 ff 63 50 e9 c9 15 00 00 66 0f 1f 84 00
0x000001d75c43103c:   00 00 00 00 48 8b 53 08 0f b7 52 2e 48 8b 0c d4
0x000001d75c43104c:   58 5b 50 44 8b 51 08 49 c1 e2 03 8b 43 18 48 8b
0x000001d75c43105c:   40 10 48 8b 5b 10 45 8b 9a a0 00 00 00 4f 8d 9c
0x000001d75c43106c:   da c8 01 00 00 4d 8d 14 da 49 8b 1b 48 3b c3 74
0x000001d75c43107c:   15 48 85 db 0f 84 32 00 00 00 49 83 c3 10 49 8b
0x000001d75c43108c:   1b 48 3b c3 75 eb 45 8b 5b 08 4b 8b 1c 1a 48 85
0x000001d75c43109c:   db 0f 84 10 00 00 00 41 80 bf e0 05 00 00 00 74
0x000001d75c4310ac:   03 ff 63 38 ff 63 50 e9 48 15 00 00 e9 43 12 00
0x000001d75c4310bc:   00 f4 00 00 00 00 00 00 00 00 00 00 00 00 00 00
0x000001d75c4310cc:   00 00 00 00 00 00 00 00 00 00 00 00 00 00 00 00
0x000001d75c4310dc:   00 00 00 00 00 00 00 00 00 00 00 00 00 00 00 00
0x000001d75c4310ec:   00 00 00 00 00 00 00 00 00 00 00 00 00 00 00 00
0x000001d75c4310fc:   00 00 00 00 00 00 00 00 00 00 00 00 00 00 00 00
0x000001d75c43110c:   00 00 00 00 00 00 00 00 00 00 00 00 00 00 00 00
0x000001d75c43111c:   00 00 00 00 00 00 00 00 00 00 00 00 00 00 00 00 


Stack slot to memory mapping:

stack at sp + 0 slots: 0x000001d75c409086 is at code_begin+3078 in an Interpreter codelet
return entry points  [0x000001d75c408480, 0x000001d75c40a298]  7704 bytes
stack at sp + 1 slots: 0x000000b1752fdf00 is pointing into the stack for thread: 0x000001d76bf9a160
stack at sp + 2 slots: 0x000001d7653ecccf is pointing into metadata
stack at sp + 3 slots: 0x0000000000000004 is an unknown value
stack at sp + 4 slots: 0x000001d7653f0aa8 is pointing into metadata
stack at sp + 5 slots: 0x0000000084000380 is an oop: java.lang.Class 
{0x0000000084000380} - klass: 'java/lang/Class'
 - ---- fields (total size 14 words):
 - private volatile transient 'classRedefinedCount' 'I' @12  1 (0x00000001)
 - injected 'klass' 'J' @16  4299440128 (0x0000000100444000)
 - injected 'array_klass' 'J' @24  0 (0x0000000000000000)
 - injected 'oop_size' 'I' @32  14 (0x0000000e)
 - injected 'static_oop_field_count' 'I' @36  0 (0x00000000)
 - private volatile transient 'cachedConstructor' 'Ljava/lang/reflect/Constructor;' @40  null (0x00000000)
 - private transient 'name' 'Ljava/lang/String;' @44  "com.lead.service.impl.EmailServiceImpl"{0x0000000084003438} (0x84003438)
 - private transient 'module' 'Ljava/lang/Module;' @48  a 'java/lang/Module'{0x00000000840001f8} (0x840001f8)
 - private final 'classLoader' 'Ljava/lang/ClassLoader;' @52  a 'org/springframework/boot/devtools/restart/classloader/RestartClassLoader'{0x0000000084024650} (0x84024650)
 - private transient 'classData' 'Ljava/lang/Object;' @56  null (0x00000000)
 - private transient 'packageName' 'Ljava/lang/String;' @60  "com.lead.service.impl"{0x00000000823758f8} (0x823758f8)
 - private final 'componentType' 'Ljava/lang/Class;' @64  null (0x00000000)
 - private volatile transient 'reflectionData' 'Ljava/lang/ref/SoftReference;' @68  a 'java/lang/ref/SoftReference'{0x0000000084003488} (0x84003488)
 - private volatile transient 'genericInfo' 'Lsun/reflect/generics/repository/ClassRepository;' @72  null (0x00000000)
 - private volatile transient 'enumConstants' '[Ljava/lang/Object;' @76  null (0x00000000)
 - private volatile transient 'enumConstantDirectory' 'Ljava/util/Map;' @80  null (0x00000000)
 - private volatile transient 'annotationData' 'Ljava/lang/Class$AnnotationData;' @84  a 'java/lang/Class$AnnotationData'{0x0000000084003508} (0x84003508)
 - private volatile transient 'annotationType' 'Lsun/reflect/annotation/AnnotationType;' @88  null (0x00000000)
 - transient 'classValueMap' 'Ljava/lang/ClassValue$ClassValueMap;' @92  null (0x00000000)
 - injected 'protection_domain' 'Ljava/lang/Object;' @96  a 'java/security/ProtectionDomain'{0x000000008407f350} (0x8407f350)
 - injected 'signers_name' 'Ljava/lang/Object;' @100  null (0x00000000)
 - injected 'source_file' 'Ljava/lang/Object;' @104  null (0x00000000)
 - signature: Lcom/lead/service/impl/EmailServiceImpl;
 - ---- static fields (0):
stack at sp + 6 slots: 0x00000000821b7f50 is an oop: java.lang.Class 
{0x00000000821b7f50} - klass: 'java/lang/Class'
 - ---- fields (total size 14 words):
 - private volatile transient 'classRedefinedCount' 'I' @12  0 (0x00000000)
 - injected 'klass' 'J' @16  4295177168 (0x00000001000333d0)
 - injected 'array_klass' 'J' @24  0 (0x0000000000000000)
 - injected 'oop_size' 'I' @32  14 (0x0000000e)
 - injected 'static_oop_field_count' 'I' @36  0 (0x00000000)
 - private volatile transient 'cachedConstructor' 'Ljava/lang/reflect/Constructor;' @40  null (0x00000000)
 - private transient 'name' 'Ljava/lang/String;' @44  null (0x00000000)
 - private transient 'module' 'Ljava/lang/Module;' @48  a 'java/lang/Module'{0x00000000821cc360} (0x821cc360)
 - private final 'classLoader' 'Ljava/lang/ClassLoader;' @52  null (0x00000000)
 - private transient 'classData' 'Ljava/lang/Object;' @56  null (0x00000000)
 - private transient 'packageName' 'Ljava/lang/String;' @60  null (0x00000000)
 - private final 'componentType' 'Ljava/lang/Class;' @64  null (0x00000000)
 - private volatile transient 'reflectionData' 'Ljava/lang/ref/SoftReference;' @68  null (0x00000000)
 - private volatile transient 'genericInfo' 'Lsun/reflect/generics/repository/ClassRepository;' @72  null (0x00000000)
 - private volatile transient 'enumConstants' '[Ljava/lang/Object;' @76  null (0x00000000)
 - private volatile transient 'enumConstantDirectory' 'Ljava/util/Map;' @80  null (0x00000000)
 - private volatile transient 'annotationData' 'Ljava/lang/Class$AnnotationData;' @84  null (0x00000000)
 - private volatile transient 'annotationType' 'Lsun/reflect/annotation/AnnotationType;' @88  null (0x00000000)
 - transient 'classValueMap' 'Ljava/lang/ClassValue$ClassValueMap;' @92  null (0x00000000)
 - injected 'protection_domain' 'Ljava/lang/Object;' @96  null (0x00000000)
 - injected 'signers_name' 'Ljava/lang/Object;' @100  null (0x00000000)
 - injected 'source_file' 'Ljava/lang/Object;' @104  null (0x00000000)
 - signature: Ljava/lang/invoke/DirectMethodHandle$Holder;
 - ---- static fields (0):
stack at sp + 7 slots: {method} {0x000001d7653ecce8} 'newInvokeSpecial' '(Ljava/lang/Object;)Ljava/lang/Object;' in 'java/lang/invoke/DirectMethodHandle$Holder'

MethodHandle::interpreter_entry::_linkToSpecial [0x000001d75c430fe8, 0x000001d75c431037] (79 bytes)
[MachCode]
  0x000001d75c430fe8: 6666 660f | 1f84 0000 | 0000 0066 | 6666 9066 | 0f1f 8400 | 0000 0000 | 488b 5308 | 0fb7 522e 
  0x000001d75c431008: 488b 0cd4 | 585b 5048 | 3b01 8b5b | 2448 8b5b | 1048 85db | 0f84 1000 | 0000 4180 | bfe0 0500 
  0x000001d75c431028: 0000 7403 | ff63 38ff | 6350 e9c9 | 
[/MachCode]

---------------  P R O C E S S  ---------------

Threads class SMR info:
_java_thread_list=0x000001d76c183090, length=28, elements={
0x000001d7647e9260, 0x000001d7647ec780, 0x000001d7647c85f0, 0x000001d7647ca7d0,
0x000001d7647cbb90, 0x000001d7647cca00, 0x000001d7647be100, 0x000001d7647f5e60,
0x000001d764a28c90, 0x000001d764a29310, 0x000001d764a4d050, 0x000001d769405740,
0x000001d76960ac60, 0x000001d76960dbe0, 0x000001d769624310, 0x000001d769c9e520,
0x000001d769ca9130, 0x000001d769ccec40, 0x000001d769ccd200, 0x000001d76bd6b7c0,
0x000001d76bf9b510, 0x000001d76bfa0a60, 0x000001d76bf9a160, 0x000001d76c1b2da0,
0x000001d76bf9d5e0, 0x000001d76bf9bba0, 0x000001d76bf9dc70, 0x000001d76bf9a7f0
}

Java Threads: ( => current thread )
  0x000001d7647e9260 JavaThread "Reference Handler"          daemon [_thread_blocked, id=7552, stack(0x000000b175b00000,0x000000b175c00000) (1024K)]
  0x000001d7647ec780 JavaThread "Finalizer"                  daemon [_thread_blocked, id=14820, stack(0x000000b175c00000,0x000000b175d00000) (1024K)]
  0x000001d7647c85f0 JavaThread "Signal Dispatcher"          daemon [_thread_blocked, id=13128, stack(0x000000b175d00000,0x000000b175e00000) (1024K)]
  0x000001d7647ca7d0 JavaThread "Attach Listener"            daemon [_thread_blocked, id=100, stack(0x000000b175e00000,0x000000b175f00000) (1024K)]
  0x000001d7647cbb90 JavaThread "Service Thread"             daemon [_thread_blocked, id=10408, stack(0x000000b175f00000,0x000000b176000000) (1024K)]
  0x000001d7647cca00 JavaThread "Monitor Deflation Thread"   daemon [_thread_blocked, id=16952, stack(0x000000b176000000,0x000000b176100000) (1024K)]
  0x000001d7647be100 JavaThread "C1 CompilerThread0"         daemon [_thread_blocked, id=7788, stack(0x000000b176100000,0x000000b176200000) (1024K)]
  0x000001d7647f5e60 JavaThread "Common-Cleaner"             daemon [_thread_blocked, id=7100, stack(0x000000b176200000,0x000000b176300000) (1024K)]
  0x000001d764a28c90 JavaThread "JDWP Transport Listener: dt_socket" daemon [_thread_blocked, id=3256, stack(0x000000b176600000,0x000000b176700000) (1024K)]
  0x000001d764a29310 JavaThread "JDWP Event Helper Thread"   daemon [_thread_blocked, id=1948, stack(0x000000b176700000,0x000000b176800000) (1024K)]
  0x000001d764a4d050 JavaThread "JDWP Command Reader"        daemon [_thread_blocked, id=14148, stack(0x000000b176800000,0x000000b176900000) (1024K)]
  0x000001d769405740 JavaThread "Notification Thread"        daemon [_thread_blocked, id=5848, stack(0x000000b176900000,0x000000b176a00000) (1024K)]
  0x000001d76960ac60 JavaThread "RMI TCP Accept-0"           daemon [_thread_in_native, id=10632, stack(0x000000b176a00000,0x000000b176b00000) (1024K)]
  0x000001d76960dbe0 JavaThread "RMI TCP Accept-63847"       daemon [_thread_in_native, id=13108, stack(0x000000b176b00000,0x000000b176c00000) (1024K)]
  0x000001d769624310 JavaThread "RMI TCP Accept-0"           daemon [_thread_in_native, id=8656, stack(0x000000b176c00000,0x000000b176d00000) (1024K)]
  0x000001d769c9e520 JavaThread "RMI Scheduler(0)"           daemon [_thread_blocked, id=17588, stack(0x000000b177600000,0x000000b177700000) (1024K)]
  0x000001d769ca9130 JavaThread "RMI TCP Connection(idle)"   daemon [_thread_blocked, id=14032, stack(0x000000b177700000,0x000000b177800000) (1024K)]
  0x000001d769ccec40 JavaThread "JMX server connection timeout 41" daemon [_thread_blocked, id=2484, stack(0x000000b177900000,0x000000b177a00000) (1024K)]
  0x000001d769ccd200 JavaThread "mysql-cj-abandoned-connection-cleanup" daemon [_thread_blocked, id=15876, stack(0x000000b177e00000,0x000000b177f00000) (1024K)]
  0x000001d76bd6b7c0 JavaThread "Live Reload Server"         daemon [_thread_in_native, id=9948, stack(0x000000b178400000,0x000000b178500000) (1024K)]
  0x000001d76bf9b510 JavaThread "DestroyJavaVM"                     [_thread_blocked, id=12744, stack(0x000000b175300000,0x000000b175400000) (1024K)]
  0x000001d76bfa0a60 JavaThread "Thread-43"                         [_thread_blocked, id=13924, stack(0x000000b175000000,0x000000b175100000) (1024K)]
=>0x000001d76bf9a160 JavaThread "restartedMain"                     [_thread_in_Java, id=12828, stack(0x000000b175200000,0x000000b175300000) (1024K)]
  0x000001d76c1b2da0 JavaThread "C1 CompilerThread1"         daemon [_thread_blocked, id=852, stack(0x000000b176300000,0x000000b176400000) (1024K)]
  0x000001d76bf9d5e0 JavaThread "Catalina-utility-1"                [_thread_blocked, id=16356, stack(0x000000b176400000,0x000000b176500000) (1024K)]
  0x000001d76bf9bba0 JavaThread "Catalina-utility-2"                [_thread_blocked, id=13092, stack(0x000000b176500000,0x000000b176600000) (1024K)]
  0x000001d76bf9dc70 JavaThread "container-0"                       [_thread_blocked, id=14096, stack(0x000000b177400000,0x000000b177500000) (1024K)]
  0x000001d76bf9a7f0 JavaThread "HikariPool-12 housekeeper"  daemon [_thread_blocked, id=12624, stack(0x000000b177500000,0x000000b177600000) (1024K)]
Total: 28

Other Threads:
  0x000001d764758690 VMThread "VM Thread"                           [id=9164, stack(0x000000b175a00000,0x000000b175b00000) (1024K)] _threads_hazard_ptr=0x000001d76c183090
  0x000001d7646cf7b0 WatcherThread "VM Periodic Task Thread"        [id=6036, stack(0x000000b175900000,0x000000b175a00000) (1024K)]
  0x000001d75895fd80 WorkerThread "GC Thread#0"                     [id=14152, stack(0x000000b175400000,0x000000b175500000) (1024K)]
  0x000001d769619d50 WorkerThread "GC Thread#1"                     [id=3320, stack(0x000000b176d00000,0x000000b176e00000) (1024K)]
  0x000001d76961a0f0 WorkerThread "GC Thread#2"                     [id=17896, stack(0x000000b176e00000,0x000000b176f00000) (1024K)]
  0x000001d7696d3c10 WorkerThread "GC Thread#3"                     [id=14660, stack(0x000000b176f00000,0x000000b177000000) (1024K)]
  0x000001d76964d9b0 WorkerThread "GC Thread#4"                     [id=16644, stack(0x000000b177000000,0x000000b177100000) (1024K)]
  0x000001d76964dd50 WorkerThread "GC Thread#5"                     [id=14848, stack(0x000000b177100000,0x000000b177200000) (1024K)]
  0x000001d76964e0f0 WorkerThread "GC Thread#6"                     [id=17276, stack(0x000000b177200000,0x000000b177300000) (1024K)]
  0x000001d76964e490 WorkerThread "GC Thread#7"                     [id=11948, stack(0x000000b177300000,0x000000b177400000) (1024K)]
  0x000001d758972ee0 ConcurrentGCThread "G1 Main Marker"            [id=3028, stack(0x000000b175500000,0x000000b175600000) (1024K)]
  0x000001d7589738f0 WorkerThread "G1 Conc#0"                       [id=9488, stack(0x000000b175600000,0x000000b175700000) (1024K)]
  0x000001d769d02530 WorkerThread "G1 Conc#1"                       [id=17412, stack(0x000000b177a00000,0x000000b177b00000) (1024K)]
  0x000001d7589be6b0 ConcurrentGCThread "G1 Refine#0"               [id=18004, stack(0x000000b175700000,0x000000b175800000) (1024K)]
  0x000001d764586700 ConcurrentGCThread "G1 Service"                [id=2628, stack(0x000000b175800000,0x000000b175900000) (1024K)]
Total: 15

Threads with active compile tasks:
Total: 0

VM state: synchronizing (normal execution)

VM Mutex/Monitor currently owned by a thread:  ([mutex/lock_event])
[0x00007ff956437308] Threads_lock - owner thread: 0x000001d764758690

Heap address: 0x0000000081e00000, size: 2018 MB, Compressed Oops mode: 32-bit

CDS archive(s) not mapped
Compressed class space mapped at: 0x0000000100000000-0x0000000140000000, reserved size: 1073741824
Narrow klass base: 0x0000000000000000, Narrow klass shift: 3, Narrow klass range: 0x140000000

GC Precious Log:
 CardTable entry size: 512
 Card Set container configuration: InlinePtr #cards 5 size 8 Array Of Cards #cards 12 size 40 Howl #buckets 4 coarsen threshold 1843 Howl Bitmap #cards 512 size 80 coarsen threshold 460 Card regions per heap region 1 cards per card region 2048
 CPUs: 8 total, 8 available
 Memory: 8070M
 Large Page Support: Disabled
 NUMA Support: Disabled
 Compressed Oops: Enabled (32-bit)
 Heap Region Size: 1M
 Heap Min Capacity: 8M
 Heap Initial Capacity: 128M
 Heap Max Capacity: 2018M
 Pre-touch: Disabled
 Parallel Workers: 8
 Concurrent Workers: 2
 Concurrent Refinement Workers: 8
 Periodic GC: Disabled

Heap:
 garbage-first heap   total 81920K, used 39514K [0x0000000081e00000, 0x0000000100000000)
  region size 1024K, 16 young (16384K), 4 survivors (4096K)
 Metaspace       used 81942K, committed 82560K, reserved 1179648K
  class space    used 10134K, committed 10432K, reserved 1048576K

Heap Regions: E=young(eden), S=young(survivor), O=old, HS=humongous(starts), HC=humongous(continues), CS=collection set, F=free, TAMS=top-at-mark-start, PB=parsable bottom
|   0|0x0000000081e00000, 0x0000000081f00000, 0x0000000081f00000|100%|HS|  |TAMS 0x0000000081e00000| PB 0x0000000081e00000| Complete 
|   1|0x0000000081f00000, 0x0000000082000000, 0x0000000082000000|100%| O|  |TAMS 0x0000000081f00000| PB 0x0000000081f00000| Untracked 
|   2|0x0000000082000000, 0x00000000820fffb0, 0x0000000082100000| 99%| O|  |TAMS 0x0000000082000000| PB 0x0000000082000000| Untracked 
|   3|0x0000000082100000, 0x00000000821fffe0, 0x0000000082200000| 99%| O|  |TAMS 0x0000000082100000| PB 0x0000000082100000| Untracked 
|   4|0x0000000082200000, 0x00000000822fd538, 0x0000000082300000| 98%| O|  |TAMS 0x0000000082200000| PB 0x0000000082200000| Untracked 
|   5|0x0000000082300000, 0x00000000823fffa0, 0x0000000082400000| 99%| O|  |TAMS 0x0000000082300000| PB 0x0000000082300000| Untracked 
|   6|0x0000000082400000, 0x00000000824fffc0, 0x0000000082500000| 99%| O|  |TAMS 0x0000000082400000| PB 0x0000000082400000| Untracked 
|   7|0x0000000082500000, 0x00000000825ffa48, 0x0000000082600000| 99%| O|  |TAMS 0x0000000082500000| PB 0x0000000082500000| Untracked 
|   8|0x0000000082600000, 0x00000000826fffa8, 0x0000000082700000| 99%| O|  |TAMS 0x0000000082600000| PB 0x0000000082600000| Untracked 
|   9|0x0000000082700000, 0x0000000082800000, 0x0000000082800000|100%| O|  |TAMS 0x0000000082700000| PB 0x0000000082700000| Untracked 
|  10|0x0000000082800000, 0x0000000082900000, 0x0000000082900000|100%| O|  |TAMS 0x0000000082800000| PB 0x0000000082800000| Untracked 
|  11|0x0000000082900000, 0x0000000082a00000, 0x0000000082a00000|100%| O|  |TAMS 0x0000000082900000| PB 0x0000000082900000| Untracked 
|  12|0x0000000082a00000, 0x0000000082afffe8, 0x0000000082b00000| 99%| O|  |TAMS 0x0000000082a00000| PB 0x0000000082a00000| Untracked 
|  13|0x0000000082b00000, 0x0000000082bffff8, 0x0000000082c00000| 99%| O|  |TAMS 0x0000000082b00000| PB 0x0000000082b00000| Untracked 
|  14|0x0000000082c00000, 0x0000000082d00000, 0x0000000082d00000|100%| O|  |TAMS 0x0000000082c00000| PB 0x0000000082c00000| Untracked 
|  15|0x0000000082d00000, 0x0000000082dfffe8, 0x0000000082e00000| 99%| O|  |TAMS 0x0000000082d00000| PB 0x0000000082d00000| Untracked 
|  16|0x0000000082e00000, 0x0000000082effff8, 0x0000000082f00000| 99%| O|  |TAMS 0x0000000082e00000| PB 0x0000000082e00000| Untracked 
|  17|0x0000000082f00000, 0x0000000082fffff8, 0x0000000083000000| 99%| O|  |TAMS 0x0000000082f00000| PB 0x0000000082f00000| Untracked 
|  18|0x0000000083000000, 0x00000000830fffc8, 0x0000000083100000| 99%| O|  |TAMS 0x0000000083000000| PB 0x0000000083000000| Untracked 
|  19|0x0000000083100000, 0x00000000831ae9a0, 0x0000000083200000| 68%| O|  |TAMS 0x0000000083100000| PB 0x0000000083100000| Untracked 
|  20|0x0000000083200000, 0x00000000832fffe0, 0x0000000083300000| 99%| O|  |TAMS 0x0000000083200000| PB 0x0000000083200000| Untracked 
|  21|0x0000000083300000, 0x00000000833fffe8, 0x0000000083400000| 99%| O|  |TAMS 0x0000000083300000| PB 0x0000000083300000| Untracked 
|  22|0x0000000083400000, 0x00000000834ce7b0, 0x0000000083500000| 80%| O|  |TAMS 0x0000000083400000| PB 0x0000000083400000| Untracked 
|  23|0x0000000083500000, 0x00000000835ca010, 0x0000000083600000| 78%| O|  |TAMS 0x0000000083500000| PB 0x0000000083500000| Untracked 
|  24|0x0000000083600000, 0x00000000836cd6b8, 0x0000000083700000| 80%| O|  |TAMS 0x0000000083600000| PB 0x0000000083600000| Untracked 
|  25|0x0000000083700000, 0x000000008374ec48, 0x0000000083800000| 30%| O|Cm|TAMS 0x0000000083700000| PB 0x0000000083700000| Complete 
|  26|0x0000000083800000, 0x0000000083800000, 0x0000000083900000|  0%| F|  |TAMS 0x0000000083800000| PB 0x0000000083800000| Untracked 
|  27|0x0000000083900000, 0x0000000083900000, 0x0000000083a00000|  0%| F|  |TAMS 0x0000000083900000| PB 0x0000000083900000| Untracked 
|  28|0x0000000083a00000, 0x0000000083a00000, 0x0000000083b00000|  0%| F|  |TAMS 0x0000000083a00000| PB 0x0000000083a00000| Untracked 
|  29|0x0000000083b00000, 0x0000000083b00000, 0x0000000083c00000|  0%| F|  |TAMS 0x0000000083b00000| PB 0x0000000083b00000| Untracked 
|  30|0x0000000083c00000, 0x0000000083c00000, 0x0000000083d00000|  0%| F|  |TAMS 0x0000000083c00000| PB 0x0000000083c00000| Untracked 
|  31|0x0000000083d00000, 0x0000000083d36978, 0x0000000083e00000| 21%| S|CS|TAMS 0x0000000083d00000| PB 0x0000000083d00000| Complete 
|  32|0x0000000083e00000, 0x0000000083f00000, 0x0000000083f00000|100%| S|CS|TAMS 0x0000000083e00000| PB 0x0000000083e00000| Complete 
|  33|0x0000000083f00000, 0x0000000084000000, 0x0000000084000000|100%| S|CS|TAMS 0x0000000083f00000| PB 0x0000000083f00000| Complete 
|  34|0x0000000084000000, 0x0000000084100000, 0x0000000084100000|100%| S|CS|TAMS 0x0000000084000000| PB 0x0000000084000000| Complete 
|  35|0x0000000084100000, 0x0000000084100000, 0x0000000084200000|  0%| F|  |TAMS 0x0000000084100000| PB 0x0000000084100000| Untracked 
|  36|0x0000000084200000, 0x0000000084200000, 0x0000000084300000|  0%| F|  |TAMS 0x0000000084200000| PB 0x0000000084200000| Untracked 
|  37|0x0000000084300000, 0x0000000084300000, 0x0000000084400000|  0%| F|  |TAMS 0x0000000084300000| PB 0x0000000084300000| Untracked 
|  38|0x0000000084400000, 0x0000000084400000, 0x0000000084500000|  0%| F|  |TAMS 0x0000000084400000| PB 0x0000000084400000| Untracked 
|  39|0x0000000084500000, 0x0000000084500000, 0x0000000084600000|  0%| F|  |TAMS 0x0000000084500000| PB 0x0000000084500000| Untracked 
|  40|0x0000000084600000, 0x0000000084600000, 0x0000000084700000|  0%| F|  |TAMS 0x0000000084600000| PB 0x0000000084600000| Untracked 
|  41|0x0000000084700000, 0x0000000084700000, 0x0000000084800000|  0%| F|  |TAMS 0x0000000084700000| PB 0x0000000084700000| Untracked 
|  42|0x0000000084800000, 0x0000000084800000, 0x0000000084900000|  0%| F|  |TAMS 0x0000000084800000| PB 0x0000000084800000| Untracked 
|  43|0x0000000084900000, 0x0000000084900000, 0x0000000084a00000|  0%| F|  |TAMS 0x0000000084900000| PB 0x0000000084900000| Untracked 
|  44|0x0000000084a00000, 0x0000000084a00000, 0x0000000084b00000|  0%| F|  |TAMS 0x0000000084a00000| PB 0x0000000084a00000| Untracked 
|  45|0x0000000084b00000, 0x0000000084b00000, 0x0000000084c00000|  0%| F|  |TAMS 0x0000000084b00000| PB 0x0000000084b00000| Untracked 
|  46|0x0000000084c00000, 0x0000000084c00000, 0x0000000084d00000|  0%| F|  |TAMS 0x0000000084c00000| PB 0x0000000084c00000| Untracked 
|  47|0x0000000084d00000, 0x0000000084d00000, 0x0000000084e00000|  0%| F|  |TAMS 0x0000000084d00000| PB 0x0000000084d00000| Untracked 
|  48|0x0000000084e00000, 0x0000000084e00000, 0x0000000084f00000|  0%| F|  |TAMS 0x0000000084e00000| PB 0x0000000084e00000| Untracked 
|  49|0x0000000084f00000, 0x0000000084f00000, 0x0000000085000000|  0%| F|  |TAMS 0x0000000084f00000| PB 0x0000000084f00000| Untracked 
|  50|0x0000000085000000, 0x0000000085000000, 0x0000000085100000|  0%| F|  |TAMS 0x0000000085000000| PB 0x0000000085000000| Untracked 
|  51|0x0000000085100000, 0x0000000085100000, 0x0000000085200000|  0%| F|  |TAMS 0x0000000085100000| PB 0x0000000085100000| Untracked 
|  52|0x0000000085200000, 0x0000000085200000, 0x0000000085300000|  0%| F|  |TAMS 0x0000000085200000| PB 0x0000000085200000| Untracked 
|  53|0x0000000085300000, 0x0000000085300000, 0x0000000085400000|  0%| F|  |TAMS 0x0000000085300000| PB 0x0000000085300000| Untracked 
|  54|0x0000000085400000, 0x0000000085400000, 0x0000000085500000|  0%| F|  |TAMS 0x0000000085400000| PB 0x0000000085400000| Untracked 
|  55|0x0000000085500000, 0x0000000085500000, 0x0000000085600000|  0%| F|  |TAMS 0x0000000085500000| PB 0x0000000085500000| Untracked 
|  56|0x0000000085600000, 0x0000000085600000, 0x0000000085700000|  0%| F|  |TAMS 0x0000000085600000| PB 0x0000000085600000| Untracked 
|  57|0x0000000085700000, 0x0000000085700000, 0x0000000085800000|  0%| F|  |TAMS 0x0000000085700000| PB 0x0000000085700000| Untracked 
|  58|0x0000000085800000, 0x0000000085800000, 0x0000000085900000|  0%| F|  |TAMS 0x0000000085800000| PB 0x0000000085800000| Untracked 
|  59|0x0000000085900000, 0x0000000085900000, 0x0000000085a00000|  0%| F|  |TAMS 0x0000000085900000| PB 0x0000000085900000| Untracked 
|  60|0x0000000085a00000, 0x0000000085a00000, 0x0000000085b00000|  0%| F|  |TAMS 0x0000000085a00000| PB 0x0000000085a00000| Untracked 
|  61|0x0000000085b00000, 0x0000000085b00000, 0x0000000085c00000|  0%| F|  |TAMS 0x0000000085b00000| PB 0x0000000085b00000| Untracked 
|  62|0x0000000085c00000, 0x0000000085c00000, 0x0000000085d00000|  0%| F|  |TAMS 0x0000000085c00000| PB 0x0000000085c00000| Untracked 
|  63|0x0000000085d00000, 0x0000000085d00000, 0x0000000085e00000|  0%| F|  |TAMS 0x0000000085d00000| PB 0x0000000085d00000| Untracked 
|  64|0x0000000085e00000, 0x0000000085e00000, 0x0000000085f00000|  0%| F|  |TAMS 0x0000000085e00000| PB 0x0000000085e00000| Untracked 
|  65|0x0000000085f00000, 0x0000000085f00000, 0x0000000086000000|  0%| F|  |TAMS 0x0000000085f00000| PB 0x0000000085f00000| Untracked 
|  66|0x0000000086000000, 0x0000000086000000, 0x0000000086100000|  0%| F|  |TAMS 0x0000000086000000| PB 0x0000000086000000| Untracked 
|  67|0x0000000086100000, 0x0000000086100000, 0x0000000086200000|  0%| F|  |TAMS 0x0000000086100000| PB 0x0000000086100000| Untracked 
|  68|0x0000000086200000, 0x0000000086300000, 0x0000000086300000|100%| E|  |TAMS 0x0000000086200000| PB 0x0000000086200000| Complete 
|  69|0x0000000086300000, 0x0000000086400000, 0x0000000086400000|100%| E|CS|TAMS 0x0000000086300000| PB 0x0000000086300000| Complete 
|  70|0x0000000086400000, 0x0000000086500000, 0x0000000086500000|100%| E|CS|TAMS 0x0000000086400000| PB 0x0000000086400000| Complete 
|  71|0x0000000086500000, 0x0000000086600000, 0x0000000086600000|100%| E|CS|TAMS 0x0000000086500000| PB 0x0000000086500000| Complete 
|  72|0x0000000086600000, 0x0000000086700000, 0x0000000086700000|100%| E|CS|TAMS 0x0000000086600000| PB 0x0000000086600000| Complete 
|  73|0x0000000086700000, 0x0000000086800000, 0x0000000086800000|100%| E|CS|TAMS 0x0000000086700000| PB 0x0000000086700000| Complete 
|  74|0x0000000086800000, 0x0000000086900000, 0x0000000086900000|100%| E|CS|TAMS 0x0000000086800000| PB 0x0000000086800000| Complete 
|  75|0x0000000086900000, 0x0000000086a00000, 0x0000000086a00000|100%| E|CS|TAMS 0x0000000086900000| PB 0x0000000086900000| Complete 
|  76|0x0000000086a00000, 0x0000000086b00000, 0x0000000086b00000|100%| E|CS|TAMS 0x0000000086a00000| PB 0x0000000086a00000| Complete 
|  77|0x0000000086b00000, 0x0000000086c00000, 0x0000000086c00000|100%| E|CS|TAMS 0x0000000086b00000| PB 0x0000000086b00000| Complete 
|  78|0x0000000086c00000, 0x0000000086d00000, 0x0000000086d00000|100%| E|CS|TAMS 0x0000000086c00000| PB 0x0000000086c00000| Complete 
|  79|0x0000000086d00000, 0x0000000086e00000, 0x0000000086e00000|100%| E|CS|TAMS 0x0000000086d00000| PB 0x0000000086d00000| Complete 

Card table byte_map: [0x000001d75f910000,0x000001d75fd10000] _byte_map_base: 0x000001d75f501000

Marking Bits: (CMBitMap*) 0x000001d758960390
 Bits: [0x000001d75fd10000, 0x000001d761c98000)

Polling page: 0x000001d756800000

Metaspace:

Usage:
  Non-class:     70.13 MB used.
      Class:      9.90 MB used.
       Both:     80.02 MB used.

Virtual space:
  Non-class space:      128.00 MB reserved,      70.44 MB ( 55%) committed,  2 nodes.
      Class space:        1.00 GB reserved,      10.19 MB ( <1%) committed,  1 nodes.
             Both:        1.12 GB reserved,      80.62 MB (  7%) committed. 

Chunk freelists:
   Non-Class:  9.55 MB
       Class:  5.67 MB
        Both:  15.22 MB

MaxMetaspaceSize: unlimited
CompressedClassSpaceSize: 1.00 GB
Initial GC threshold: 21.00 MB
Current GC threshold: 134.06 MB
CDS: off
 - commit_granule_bytes: 65536.
 - commit_granule_words: 8192.
 - virtual_space_node_default_size: 8388608.
 - enlarge_chunks_in_place: 1.
 - use_allocation_guard: 0.


Internal statistics:

num_allocs_failed_limit: 9.
num_arena_births: 1452.
num_arena_deaths: 854.
num_vsnodes_births: 3.
num_vsnodes_deaths: 0.
num_space_committed: 1291.
num_space_uncommitted: 1.
num_chunks_returned_to_freelist: 1119.
num_chunks_taken_from_freelist: 4321.
num_chunk_merges: 222.
num_chunk_splits: 2587.
num_chunks_enlarged: 1939.
num_inconsistent_stats: 0.

CodeCache: size=49152Kb used=16971Kb max_used=19734Kb free=32180Kb
 bounds [0x000001d75c400000, 0x000001d75d750000, 0x000001d75f400000]
 total_blobs=8309 nmethods=7571 adapters=660
 compilation: enabled
              stopped_count=0, restarted_count=0
 full_count=0

Compilation events (20 events):
Event: 8926.051 Thread 0x000001d769726fd0 nmethod 13088 0x000001d75d2a6590 code [0x000001d75d2a6740, 0x000001d75d2a6870]
Event: 8926.051 Thread 0x000001d7647be100 13090       1       com.mysql.cj.NativeSession::setQueryInterceptors (12 bytes)
Event: 8926.051 Thread 0x000001d769726fd0 13091       1       com.mysql.cj.protocol.a.NativeProtocol::setQueryInterceptors (19 bytes)
Event: 8926.052 Thread 0x000001d769726fd0 nmethod 13091 0x000001d75d323110 code [0x000001d75d3232c0, 0x000001d75d323428]
Event: 8926.052 Thread 0x000001d7647be100 nmethod 13090 0x000001d75c67e110 code [0x000001d75c67e2c0, 0x000001d75c67e468]
Event: 8926.052 Thread 0x000001d769726fd0 13092       1       com.mysql.cj.protocol.AbstractProtocol::getSocketConnection (5 bytes)
Event: 8926.052 Thread 0x000001d769726fd0 nmethod 13092 0x000001d75d332590 code [0x000001d75d332720, 0x000001d75d3327e8]
Event: 8926.052 Thread 0x000001d769726fd0 13093       1       com.zaxxer.hikari.HikariConfig::getConnectionInitSql (5 bytes)
Event: 8926.052 Thread 0x000001d7647be100 13094       1       java.util.concurrent.atomic.AtomicReference::set (6 bytes)
Event: 8926.052 Thread 0x000001d769726fd0 nmethod 13093 0x000001d75d33c810 code [0x000001d75d33c9a0, 0x000001d75d33ca68]
Event: 8926.052 Thread 0x000001d769726fd0 13095       1       com.zaxxer.hikari.HikariConfig::getMaxLifetime (5 bytes)
Event: 8926.052 Thread 0x000001d7647be100 nmethod 13094 0x000001d75d54e890 code [0x000001d75d54ea20, 0x000001d75d54eb38]
Event: 8926.052 Thread 0x000001d7647be100 13096       1       com.zaxxer.hikari.pool.PoolEntry::setFutureEol (6 bytes)
Event: 8926.052 Thread 0x000001d769726fd0 nmethod 13095 0x000001d75d56fb10 code [0x000001d75d56fca0, 0x000001d75d56fd70]
Event: 8926.052 Thread 0x000001d769726fd0 13097       1       com.zaxxer.hikari.HikariConfig::getKeepaliveTime (5 bytes)
Event: 8926.052 Thread 0x000001d7647be100 nmethod 13096 0x000001d75d73b510 code [0x000001d75d73b6a0, 0x000001d75d73b7b8]
Event: 8926.052 Thread 0x000001d76c1b2da0 nmethod 13089 0x000001d75c67d590 code [0x000001d75c67d7c0, 0x000001d75c67dc60]
Event: 8926.052 Thread 0x000001d769726fd0 nmethod 13097 0x000001d75c67d290 code [0x000001d75c67d420, 0x000001d75c67d4e8]
Event: 8926.067 Thread 0x000001d769726fd0 13098       1       com.mysql.cj.protocol.ReadAheadInputStream::fill (284 bytes)
Event: 8926.068 Thread 0x000001d769726fd0 nmethod 13098 0x000001d75c67c190 code [0x000001d75c67c4a0, 0x000001d75c67cc98]

GC Heap History (20 events):
Event: 8405.214 GC heap before
{Heap before GC invocations=46 (full 6):
 garbage-first heap   total 81920K, used 59649K [0x0000000081e00000, 0x0000000100000000)
  region size 1024K, 38 young (38912K), 5 survivors (5120K)
 Metaspace       used 81160K, committed 81728K, reserved 1179648K
  class space    used 10090K, committed 10368K, reserved 1048576K
}
Event: 8405.263 GC heap after
{Heap after GC invocations=47 (full 7):
 garbage-first heap   total 81920K, used 24564K [0x0000000081e00000, 0x0000000100000000)
  region size 1024K, 0 young (0K), 0 survivors (0K)
 Metaspace       used 81107K, committed 81728K, reserved 1179648K
  class space    used 10077K, committed 10368K, reserved 1048576K
}
Event: 8405.732 GC heap before
{Heap before GC invocations=47 (full 7):
 garbage-first heap   total 81920K, used 70644K [0x0000000081e00000, 0x0000000100000000)
  region size 1024K, 45 young (46080K), 0 survivors (0K)
 Metaspace       used 81154K, committed 81728K, reserved 1179648K
  class space    used 10085K, committed 10368K, reserved 1048576K
}
Event: 8405.735 GC heap after
{Heap after GC invocations=48 (full 7):
 garbage-first heap   total 81920K, used 27841K [0x0000000081e00000, 0x0000000100000000)
  region size 1024K, 4 young (4096K), 4 survivors (4096K)
 Metaspace       used 81154K, committed 81728K, reserved 1179648K
  class space    used 10085K, committed 10368K, reserved 1048576K
}
Event: 8459.315 GC heap before
{Heap before GC invocations=49 (full 7):
 garbage-first heap   total 81920K, used 53441K [0x0000000081e00000, 0x0000000100000000)
  region size 1024K, 31 young (31744K), 4 survivors (4096K)
 Metaspace       used 81209K, committed 81856K, reserved 1179648K
  class space    used 10071K, committed 10368K, reserved 1048576K
}
Event: 8459.370 GC heap after
{Heap after GC invocations=50 (full 8):
 garbage-first heap   total 81920K, used 24598K [0x0000000081e00000, 0x0000000100000000)
  region size 1024K, 0 young (0K), 0 survivors (0K)
 Metaspace       used 81206K, committed 81856K, reserved 1179648K
  class space    used 10070K, committed 10368K, reserved 1048576K
}
Event: 8459.748 GC heap before
{Heap before GC invocations=50 (full 8):
 garbage-first heap   total 81920K, used 68630K [0x0000000081e00000, 0x0000000100000000)
  region size 1024K, 44 young (45056K), 0 survivors (0K)
 Metaspace       used 81238K, committed 81856K, reserved 1179648K
  class space    used 10075K, committed 10368K, reserved 1048576K
}
Event: 8459.751 GC heap after
{Heap after GC invocations=51 (full 8):
 garbage-first heap   total 81920K, used 27833K [0x0000000081e00000, 0x0000000100000000)
  region size 1024K, 4 young (4096K), 4 survivors (4096K)
 Metaspace       used 81238K, committed 81856K, reserved 1179648K
  class space    used 10075K, committed 10368K, reserved 1048576K
}
Event: 8516.389 GC heap before
{Heap before GC invocations=52 (full 8):
 garbage-first heap   total 81920K, used 55481K [0x0000000081e00000, 0x0000000100000000)
  region size 1024K, 32 young (32768K), 4 survivors (4096K)
 Metaspace       used 81402K, committed 81984K, reserved 1179648K
  class space    used 10088K, committed 10368K, reserved 1048576K
}
Event: 8516.431 GC heap after
{Heap after GC invocations=53 (full 9):
 garbage-first heap   total 81920K, used 24706K [0x0000000081e00000, 0x0000000100000000)
  region size 1024K, 0 young (0K), 0 survivors (0K)
 Metaspace       used 81397K, committed 81984K, reserved 1179648K
  class space    used 10087K, committed 10368K, reserved 1048576K
}
Event: 8516.864 GC heap before
{Heap before GC invocations=53 (full 9):
 garbage-first heap   total 81920K, used 70786K [0x0000000081e00000, 0x0000000100000000)
  region size 1024K, 45 young (46080K), 0 survivors (0K)
 Metaspace       used 81466K, committed 81984K, reserved 1179648K
  class space    used 10095K, committed 10368K, reserved 1048576K
}
Event: 8516.867 GC heap after
{Heap after GC invocations=54 (full 9):
 garbage-first heap   total 81920K, used 27928K [0x0000000081e00000, 0x0000000100000000)
  region size 1024K, 4 young (4096K), 4 survivors (4096K)
 Metaspace       used 81466K, committed 81984K, reserved 1179648K
  class space    used 10095K, committed 10368K, reserved 1048576K
}
Event: 8523.595 GC heap before
{Heap before GC invocations=55 (full 9):
 garbage-first heap   total 81920K, used 52504K [0x0000000081e00000, 0x0000000100000000)
  region size 1024K, 29 young (29696K), 4 survivors (4096K)
 Metaspace       used 81575K, committed 82112K, reserved 1179648K
  class space    used 10101K, committed 10368K, reserved 1048576K
}
Event: 8523.635 GC heap after
{Heap after GC invocations=56 (full 10):
 garbage-first heap   total 81920K, used 24783K [0x0000000081e00000, 0x0000000100000000)
  region size 1024K, 0 young (0K), 0 survivors (0K)
 Metaspace       used 81570K, committed 82112K, reserved 1179648K
  class space    used 10100K, committed 10368K, reserved 1048576K
}
Event: 8524.021 GC heap before
{Heap before GC invocations=56 (full 10):
 garbage-first heap   total 81920K, used 69839K [0x0000000081e00000, 0x0000000100000000)
  region size 1024K, 44 young (45056K), 0 survivors (0K)
 Metaspace       used 81604K, committed 82176K, reserved 1179648K
  class space    used 10107K, committed 10368K, reserved 1048576K
}
Event: 8524.025 GC heap after
{Heap after GC invocations=57 (full 10):
 garbage-first heap   total 81920K, used 28073K [0x0000000081e00000, 0x0000000100000000)
  region size 1024K, 4 young (4096K), 4 survivors (4096K)
 Metaspace       used 81604K, committed 82176K, reserved 1179648K
  class space    used 10107K, committed 10368K, reserved 1048576K
}
Event: 8925.293 GC heap before
{Heap before GC invocations=58 (full 10):
 garbage-first heap   total 81920K, used 61865K [0x0000000081e00000, 0x0000000100000000)
  region size 1024K, 38 young (38912K), 4 survivors (4096K)
 Metaspace       used 81769K, committed 82368K, reserved 1179648K
  class space    used 10118K, committed 10432K, reserved 1048576K
}
Event: 8925.335 GC heap after
{Heap after GC invocations=59 (full 11):
 garbage-first heap   total 81920K, used 24960K [0x0000000081e00000, 0x0000000100000000)
  region size 1024K, 0 young (0K), 0 survivors (0K)
 Metaspace       used 81766K, committed 82368K, reserved 1179648K
  class space    used 10118K, committed 10432K, reserved 1048576K
}
Event: 8925.868 GC heap before
{Heap before GC invocations=59 (full 11):
 garbage-first heap   total 81920K, used 70016K [0x0000000081e00000, 0x0000000100000000)
  region size 1024K, 45 young (46080K), 0 survivors (0K)
 Metaspace       used 81808K, committed 82432K, reserved 1179648K
  class space    used 10126K, committed 10432K, reserved 1048576K
}
Event: 8925.871 GC heap after
{Heap after GC invocations=60 (full 11):
 garbage-first heap   total 81920K, used 28250K [0x0000000081e00000, 0x0000000100000000)
  region size 1024K, 4 young (4096K), 4 survivors (4096K)
 Metaspace       used 81808K, committed 82432K, reserved 1179648K
  class space    used 10126K, committed 10432K, reserved 1048576K
}

Dll operation events (12 events):
Event: 0.009 Loaded shared library E:\sts-4.25.0.RELEASE\plugins\org.eclipse.justj.openjdk.hotspot.jre.full.win32.x86_64_21.0.4.v20240802-1551\jre\bin\java.dll
Event: 0.014 Loaded shared library E:\sts-4.25.0.RELEASE\plugins\org.eclipse.justj.openjdk.hotspot.jre.full.win32.x86_64_21.0.4.v20240802-1551\jre\bin\zip.dll
Event: 0.243 Loaded shared library E:\sts-4.25.0.RELEASE\plugins\org.eclipse.justj.openjdk.hotspot.jre.full.win32.x86_64_21.0.4.v20240802-1551\jre\bin\instrument.dll
Event: 0.255 Loaded shared library E:\sts-4.25.0.RELEASE\plugins\org.eclipse.justj.openjdk.hotspot.jre.full.win32.x86_64_21.0.4.v20240802-1551\jre\bin\net.dll
Event: 0.256 Loaded shared library E:\sts-4.25.0.RELEASE\plugins\org.eclipse.justj.openjdk.hotspot.jre.full.win32.x86_64_21.0.4.v20240802-1551\jre\bin\nio.dll
Event: 0.266 Loaded shared library E:\sts-4.25.0.RELEASE\plugins\org.eclipse.justj.openjdk.hotspot.jre.full.win32.x86_64_21.0.4.v20240802-1551\jre\bin\zip.dll
Event: 0.409 Loaded shared library E:\sts-4.25.0.RELEASE\plugins\org.eclipse.justj.openjdk.hotspot.jre.full.win32.x86_64_21.0.4.v20240802-1551\jre\bin\jimage.dll
Event: 0.460 Loaded shared library E:\sts-4.25.0.RELEASE\plugins\org.eclipse.justj.openjdk.hotspot.jre.full.win32.x86_64_21.0.4.v20240802-1551\jre\bin\management.dll
Event: 0.471 Loaded shared library E:\sts-4.25.0.RELEASE\plugins\org.eclipse.justj.openjdk.hotspot.jre.full.win32.x86_64_21.0.4.v20240802-1551\jre\bin\management_ext.dll
Event: 0.690 Loaded shared library E:\sts-4.25.0.RELEASE\plugins\org.eclipse.justj.openjdk.hotspot.jre.full.win32.x86_64_21.0.4.v20240802-1551\jre\bin\extnet.dll
Event: 0.715 Loaded shared library E:\sts-4.25.0.RELEASE\plugins\org.eclipse.justj.openjdk.hotspot.jre.full.win32.x86_64_21.0.4.v20240802-1551\jre\bin\verify.dll
Event: 2.836 Loaded shared library E:\sts-4.25.0.RELEASE\plugins\org.eclipse.justj.openjdk.hotspot.jre.full.win32.x86_64_21.0.4.v20240802-1551\jre\bin\sunmscapi.dll

Deoptimization events (20 events):
Event: 8925.999 Thread 0x000001d76bf9a160 DEOPT PACKING pc=0x000001d75cb5eb4c sp=0x000000b1752fa850
Event: 8925.999 Thread 0x000001d76bf9a160 DEOPT UNPACKING pc=0x000001d75c454e42 sp=0x000000b1752f9d88 mode 1
Event: 8925.999 Thread 0x000001d76bf9a160 DEOPT PACKING pc=0x000001d75cb5fdfc sp=0x000000b1752fa940
Event: 8925.999 Thread 0x000001d76bf9a160 DEOPT UNPACKING pc=0x000001d75c454e42 sp=0x000000b1752f9ee8 mode 1
Event: 8925.999 Thread 0x000001d76bf9a160 DEOPT PACKING pc=0x000001d75cb610f4 sp=0x000000b1752faaa0
Event: 8925.999 Thread 0x000001d76bf9a160 DEOPT UNPACKING pc=0x000001d75c454e42 sp=0x000000b1752fa060 mode 1
Event: 8925.999 Thread 0x000001d76bf9a160 DEOPT PACKING pc=0x000001d75cb5eb4c sp=0x000000b1752fa850
Event: 8925.999 Thread 0x000001d76bf9a160 DEOPT UNPACKING pc=0x000001d75c454e42 sp=0x000000b1752f9d88 mode 1
Event: 8925.999 Thread 0x000001d76bf9a160 DEOPT PACKING pc=0x000001d75cb5fdfc sp=0x000000b1752fa940
Event: 8925.999 Thread 0x000001d76bf9a160 DEOPT UNPACKING pc=0x000001d75c454e42 sp=0x000000b1752f9ee8 mode 1
Event: 8926.000 Thread 0x000001d76bf9a160 DEOPT PACKING pc=0x000001d75cb610f4 sp=0x000000b1752faaa0
Event: 8926.000 Thread 0x000001d76bf9a160 DEOPT UNPACKING pc=0x000001d75c454e42 sp=0x000000b1752fa060 mode 1
Event: 8926.000 Thread 0x000001d76bf9a160 DEOPT PACKING pc=0x000001d75cb5eb4c sp=0x000000b1752fa850
Event: 8926.000 Thread 0x000001d76bf9a160 DEOPT UNPACKING pc=0x000001d75c454e42 sp=0x000000b1752f9d88 mode 1
Event: 8926.000 Thread 0x000001d76bf9a160 DEOPT PACKING pc=0x000001d75cb5fdfc sp=0x000000b1752fa940
Event: 8926.000 Thread 0x000001d76bf9a160 DEOPT UNPACKING pc=0x000001d75c454e42 sp=0x000000b1752f9ee8 mode 1
Event: 8926.000 Thread 0x000001d76bf9a160 DEOPT PACKING pc=0x000001d75cb610f4 sp=0x000000b1752faaa0
Event: 8926.000 Thread 0x000001d76bf9a160 DEOPT UNPACKING pc=0x000001d75c454e42 sp=0x000000b1752fa060 mode 1
Event: 8933.768 Thread 0x000001d76bf9a160 DEOPT PACKING pc=0x000001d75c83bb7c sp=0x000000b1752fdf00
Event: 8933.768 Thread 0x000001d76bf9a160 DEOPT UNPACKING pc=0x000001d75c454e42 sp=0x000000b1752fd3b8 mode 0

Classes loaded (20 events):
Event: 8925.628 Loading class java/lang/ObjectCustomizer
Event: 8925.628 Loading class java/lang/ObjectCustomizer done
Event: 8925.628 Loading class java/lang/ObjectCustomizer
Event: 8925.628 Loading class java/lang/ObjectCustomizer done
Event: 8925.640 Loading class java/lang/ObjectCustomizer
Event: 8925.640 Loading class java/lang/ObjectCustomizer done
Event: 8925.640 Loading class java/lang/ObjectCustomizer
Event: 8925.640 Loading class java/lang/ObjectCustomizer done
Event: 8925.890 Loading class java/lang/ObjectCustomizer
Event: 8925.890 Loading class java/lang/ObjectCustomizer done
Event: 8925.890 Loading class java/lang/ObjectCustomizer
Event: 8925.890 Loading class java/lang/ObjectCustomizer done
Event: 8925.901 Loading class java/lang/ObjectCustomizer
Event: 8925.901 Loading class java/lang/ObjectCustomizer done
Event: 8925.901 Loading class java/lang/ObjectCustomizer
Event: 8925.901 Loading class java/lang/ObjectCustomizer done
Event: 8925.964 Loading class java/lang/ObjectCustomizer
Event: 8925.964 Loading class java/lang/ObjectCustomizer done
Event: 8925.964 Loading class java/lang/ObjectCustomizer
Event: 8925.964 Loading class java/lang/ObjectCustomizer done

Classes unloaded (20 events):
Event: 8516.891 Thread 0x000001d764758690 Unloading class 0x0000000100186400 'java/lang/invoke/LambdaForm$MH+0x0000000100186400'
Event: 8516.891 Thread 0x000001d764758690 Unloading class 0x0000000100a41400 'java/lang/invoke/LambdaForm$MH+0x0000000100a41400'
Event: 8516.891 Thread 0x000001d764758690 Unloading class 0x0000000100a3f800 'java/lang/invoke/LambdaForm$MH+0x0000000100a3f800'
Event: 8523.605 Thread 0x000001d764758690 Unloading class 0x0000000100a45c00 'java/lang/invoke/LambdaForm$MH+0x0000000100a45c00'
Event: 8523.605 Thread 0x000001d764758690 Unloading class 0x0000000100a40000 'org/apache/catalina/loader/JdbcLeakPrevention'
Event: 8925.304 Thread 0x000001d764758690 Unloading class 0x0000000100469800 'org/apache/catalina/loader/JdbcLeakPrevention'
Event: 8925.905 Thread 0x000001d764758690 Unloading class 0x0000000100187400 'jdk/internal/reflect/GeneratedSerializationConstructorAccessor47'
Event: 8925.905 Thread 0x000001d764758690 Unloading class 0x000000010048cc00 'jdk/internal/reflect/GeneratedSerializationConstructorAccessor46'
Event: 8925.905 Thread 0x000001d764758690 Unloading class 0x0000000100759000 'jdk/internal/reflect/GeneratedSerializationConstructorAccessor45'
Event: 8925.905 Thread 0x000001d764758690 Unloading class 0x0000000100a24400 'jdk/internal/reflect/GeneratedSerializationConstructorAccessor44'
Event: 8925.905 Thread 0x000001d764758690 Unloading class 0x0000000100a3f800 'java/lang/invoke/LambdaForm$MH+0x0000000100a3f800'
Event: 8925.905 Thread 0x000001d764758690 Unloading class 0x0000000100a41400 'java/lang/invoke/LambdaForm$MH+0x0000000100a41400'
Event: 8925.905 Thread 0x000001d764758690 Unloading class 0x0000000100186400 'java/lang/invoke/LambdaForm$MH+0x0000000100186400'
Event: 8925.905 Thread 0x000001d764758690 Unloading class 0x0000000100148c00 'java/lang/invoke/LambdaForm$BMH+0x0000000100148c00'
Event: 8925.905 Thread 0x000001d764758690 Unloading class 0x0000000100186800 'java/lang/invoke/LambdaForm$MH+0x0000000100186800'
Event: 8925.905 Thread 0x000001d764758690 Unloading class 0x000000010098c000 'java/lang/invoke/LambdaForm$MH+0x000000010098c000'
Event: 8925.905 Thread 0x000001d764758690 Unloading class 0x00000001008c8400 'java/lang/invoke/LambdaForm$MH+0x00000001008c8400'
Event: 8925.905 Thread 0x000001d764758690 Unloading class 0x0000000100444800 'java/lang/invoke/LambdaForm$MH+0x0000000100444800'
Event: 8925.905 Thread 0x000001d764758690 Unloading class 0x000000010046ac00 'java/lang/invoke/LambdaForm$MH+0x000000010046ac00'
Event: 8925.905 Thread 0x000001d764758690 Unloading class 0x0000000100864000 'java/lang/invoke/LambdaForm$MH+0x0000000100864000'

Classes redefined (1 events):
Event: 8933.823 Thread 0x000001d764758690 redefined class name=com.lead.service.impl.EmailServiceImpl, count=1

Internal exceptions (20 events):
Event: 8925.891 Thread 0x000001d76bf9a160 Exception <a 'java/lang/ClassNotFoundException'{0x0000000086d5b320}: org/springframework/data/repository/core/support/TransactionalRepositoryFactoryBeanSupportCustomizer> (0x0000000086d5b320) 
thrown [s\src\hotspot\share\classfile\systemDictionary.cpp, line 312]
Event: 8925.892 Thread 0x000001d76bf9a160 Exception <a 'java/lang/ClassNotFoundException'{0x0000000086d6a948}: org/springframework/data/jpa/repository/support/JpaRepositoryFactoryBeanCustomizer> (0x0000000086d6a948) 
thrown [s\src\hotspot\share\classfile\systemDictionary.cpp, line 312]
Event: 8925.893 Thread 0x000001d76bf9a160 Exception <a 'java/lang/ClassNotFoundException'{0x0000000086d99970}: org/springframework/beans/factory/BeanFactoryAwareCustomizer> (0x0000000086d99970) 
thrown [s\src\hotspot\share\classfile\systemDictionary.cpp, line 312]
Event: 8925.894 Thread 0x000001d76bf9a160 Exception <a 'java/lang/ClassNotFoundException'{0x0000000086da02f8}: org/springframework/beans/factory/AwareCustomizer> (0x0000000086da02f8) 
thrown [s\src\hotspot\share\classfile\systemDictionary.cpp, line 312]
Event: 8925.894 Thread 0x000001d76bf9a160 Exception <a 'java/lang/ClassNotFoundException'{0x0000000086da56d0}: org/springframework/beans/factory/InitializingBeanCustomizer> (0x0000000086da56d0) 
thrown [s\src\hotspot\share\classfile\systemDictionary.cpp, line 312]
Event: 8925.895 Thread 0x000001d76bf9a160 Exception <a 'java/lang/ClassNotFoundException'{0x0000000086dabeb0}: org/springframework/data/repository/core/support/RepositoryFactoryInformationCustomizer> (0x0000000086dabeb0) 
thrown [s\src\hotspot\share\classfile\systemDictionary.cpp, line 312]
Event: 8925.895 Thread 0x000001d76bf9a160 Exception <a 'java/lang/ClassNotFoundException'{0x0000000086db7778}: org/springframework/beans/factory/FactoryBeanCustomizer> (0x0000000086db7778) 
thrown [s\src\hotspot\share\classfile\systemDictionary.cpp, line 312]
Event: 8925.896 Thread 0x000001d76bf9a160 Exception <a 'java/lang/ClassNotFoundException'{0x0000000086dc04a0}: org/springframework/beans/factory/BeanClassLoaderAwareCustomizer> (0x0000000086dc04a0) 
thrown [s\src\hotspot\share\classfile\systemDictionary.cpp, line 312]
Event: 8925.897 Thread 0x000001d76bf9a160 Exception <a 'java/lang/ClassNotFoundException'{0x0000000086dc6788}: org/springframework/beans/factory/AwareCustomizer> (0x0000000086dc6788) 
thrown [s\src\hotspot\share\classfile\systemDictionary.cpp, line 312]
Event: 8925.897 Thread 0x000001d76bf9a160 Exception <a 'java/lang/ClassNotFoundException'{0x0000000086dcbb38}: org/springframework/beans/factory/BeanFactoryAwareCustomizer> (0x0000000086dcbb38) 
thrown [s\src\hotspot\share\classfile\systemDictionary.cpp, line 312]
Event: 8925.898 Thread 0x000001d76bf9a160 Exception <a 'java/lang/ClassNotFoundException'{0x0000000086dd24c0}: org/springframework/beans/factory/AwareCustomizer> (0x0000000086dd24c0) 
thrown [s\src\hotspot\share\classfile\systemDictionary.cpp, line 312]
Event: 8925.898 Thread 0x000001d76bf9a160 Exception <a 'java/lang/ClassNotFoundException'{0x0000000086dd7aa0}: org/springframework/context/ApplicationEventPublisherAwareCustomizer> (0x0000000086dd7aa0) 
thrown [s\src\hotspot\share\classfile\systemDictionary.cpp, line 312]
Event: 8925.898 Thread 0x000001d76bf9a160 Exception <a 'java/lang/ClassNotFoundException'{0x0000000086dde0e0}: org/springframework/beans/factory/AwareCustomizer> (0x0000000086dde0e0) 
thrown [s\src\hotspot\share\classfile\systemDictionary.cpp, line 312]
Event: 8925.901 Thread 0x000001d76bf9a160 Exception <a 'java/lang/ClassNotFoundException'{0x0000000086dfe5a0}: java/lang/ObjectCustomizer> (0x0000000086dfe5a0) 
thrown [s\src\hotspot\share\classfile\systemDictionary.cpp, line 312]
Event: 8925.901 Thread 0x000001d76bf9a160 Exception <a 'java/lang/ClassNotFoundException'{0x0000000086c06eb0}: org/springframework/core/io/support/PropertiesLoaderSupportCustomizer> (0x0000000086c06eb0) 
thrown [s\src\hotspot\share\classfile\systemDictionary.cpp, line 312]
Event: 8925.902 Thread 0x000001d76bf9a160 Exception <a 'java/lang/ClassNotFoundException'{0x0000000086c14e18}: org/springframework/beans/factory/config/PropertiesFactoryBeanCustomizer> (0x0000000086c14e18) 
thrown [s\src\hotspot\share\classfile\systemDictionary.cpp, line 312]
Event: 8925.903 Thread 0x000001d76bf9a160 Exception <a 'java/lang/ClassNotFoundException'{0x0000000086c2a480}: org/springframework/beans/factory/FactoryBeanCustomizer> (0x0000000086c2a480) 
thrown [s\src\hotspot\share\classfile\systemDictionary.cpp, line 312]
Event: 8925.903 Thread 0x000001d76bf9a160 Exception <a 'java/lang/ClassNotFoundException'{0x0000000086c32f08}: org/springframework/beans/factory/InitializingBeanCustomizer> (0x0000000086c32f08) 
thrown [s\src\hotspot\share\classfile\systemDictionary.cpp, line 312]
Event: 8925.964 Thread 0x000001d76bf9a160 Exception <a 'java/lang/ClassNotFoundException'{0x000000008694c208}: java/lang/ObjectCustomizer> (0x000000008694c208) 
thrown [s\src\hotspot\share\classfile\systemDictionary.cpp, line 312]
Event: 8925.966 Thread 0x000001d76bf9a160 Exception <a 'java/lang/ClassNotFoundException'{0x0000000086954d50}: com/lead/entity/LeadCustomizer> (0x0000000086954d50) 
thrown [s\src\hotspot\share\classfile\systemDictionary.cpp, line 312]

ZGC Phase Switch (0 events):
No events

VM Operations (20 events):
Event: 8926.438 Executing VM operation: get/set locals
Event: 8926.438 Executing VM operation: get/set locals done
Event: 8926.439 Executing VM operation: get/set locals
Event: 8926.440 Executing VM operation: get/set locals done
Event: 8926.441 Executing VM operation: get/set locals
Event: 8926.441 Executing VM operation: get/set locals done
Event: 8926.442 Executing VM operation: get/set locals
Event: 8926.442 Executing VM operation: get/set locals done
Event: 8926.444 Executing VM operation: get/set locals
Event: 8926.444 Executing VM operation: get/set locals done
Event: 8926.445 Executing VM operation: get/set locals
Event: 8926.445 Executing VM operation: get/set locals done
Event: 8933.761 Executing VM operation: ChangeSingleStep
Event: 8933.761 Executing VM operation: ChangeSingleStep done
Event: 8933.768 Executing VM operation: ChangeSingleStep
Event: 8933.768 Executing VM operation: ChangeSingleStep done
Event: 8933.799 Executing VM operation: RedefineClasses
Event: 8933.869 Executing VM operation: RedefineClasses done
Event: 8933.872 Executing VM operation: ChangeSingleStep
Event: 8933.872 Executing VM operation: ChangeSingleStep done

Memory protections (0 events):
No events

Nmethod flushes (20 events):
Event: 8925.917 Thread 0x000001d764758690 flushing  nmethod 0x000001d75d3c1610
Event: 8925.917 Thread 0x000001d764758690 flushing  nmethod 0x000001d75d4f3f10
Event: 8925.917 Thread 0x000001d764758690 flushing  nmethod 0x000001d75d56fb10
Event: 8925.917 Thread 0x000001d764758690 flushing  nmethod 0x000001d75d572790
Event: 8925.917 Thread 0x000001d764758690 flushing  nmethod 0x000001d75c9db690
Event: 8925.917 Thread 0x000001d764758690 flushing  nmethod 0x000001d75c9dd610
Event: 8925.917 Thread 0x000001d764758690 flushing  nmethod 0x000001d75cc96d10
Event: 8925.917 Thread 0x000001d764758690 flushing  nmethod 0x000001d75cda9390
Event: 8925.917 Thread 0x000001d764758690 flushing  nmethod 0x000001d75cdaa410
Event: 8925.917 Thread 0x000001d764758690 flushing  nmethod 0x000001d75cdac390
Event: 8925.917 Thread 0x000001d764758690 flushing  nmethod 0x000001d75ced7590
Event: 8925.917 Thread 0x000001d764758690 flushing  nmethod 0x000001d75cee6490
Event: 8925.917 Thread 0x000001d764758690 flushing  nmethod 0x000001d75cfc2690
Event: 8925.917 Thread 0x000001d764758690 flushing  nmethod 0x000001d75d0e6a10
Event: 8925.917 Thread 0x000001d764758690 flushing  nmethod 0x000001d75d1a8710
Event: 8925.917 Thread 0x000001d764758690 flushing  nmethod 0x000001d75d3a9910
Event: 8925.917 Thread 0x000001d764758690 flushing  nmethod 0x000001d75d3a9d10
Event: 8925.917 Thread 0x000001d764758690 flushing  nmethod 0x000001d75d3aae10
Event: 8925.917 Thread 0x000001d764758690 flushing  nmethod 0x000001d75d3b2b90
Event: 8925.917 Thread 0x000001d764758690 flushing  nmethod 0x000001d75d3bcb90

Events (20 events):
Event: 8925.287 Thread 0x000001d76bd69060 Thread exited: 0x000001d76bd69060
Event: 8925.287 Thread 0x000001d76bd69d80 Thread exited: 0x000001d76bd69d80
Event: 8925.287 Thread 0x000001d76bd6c4e0 Thread exited: 0x000001d76bd6c4e0
Event: 8925.289 Thread 0x000001d76bfa0a60 Thread added: 0x000001d76bf9bba0
Event: 8925.289 Thread 0x000001d76bd6a410 Thread exited: 0x000001d76bd6a410
Event: 8925.292 Thread 0x000001d76bf9bba0 Thread exited: 0x000001d76bf9bba0
Event: 8925.336 Thread 0x000001d76bfa0a60 Thread added: 0x000001d76bf9d5e0
Event: 8925.336 Thread 0x000001d76bf9d5e0 Thread exited: 0x000001d76bf9d5e0
Event: 8925.336 Thread 0x000001d76bfa0a60 Thread added: 0x000001d76bf9a160
Event: 8925.393 Thread 0x000001d76bf9a160 Thread added: 0x000001d76bf9bba0
Event: 8925.419 Thread 0x000001d76bf9bba0 Thread exited: 0x000001d76bf9bba0
Event: 8925.599 Thread 0x000001d7647be100 Thread added: 0x000001d76c1b2da0
Event: 8925.788 Thread 0x000001d76bf9a160 Thread added: 0x000001d76bf9d5e0
Event: 8925.789 Thread 0x000001d76bf9a160 Thread added: 0x000001d76bf9bba0
Event: 8925.789 Thread 0x000001d76bf9a160 Thread added: 0x000001d76bf9dc70
Event: 8925.839 Thread 0x000001d76bf9a160 Thread added: 0x000001d76bf9a7f0
Event: 8925.942 Thread 0x000001d76bf9a7f0 Thread added: 0x000001d76bf9c8c0
Event: 8926.035 Thread 0x000001d7647be100 Thread added: 0x000001d769726fd0
Event: 8931.082 Thread 0x000001d769726fd0 Thread exited: 0x000001d769726fd0
Event: 8931.082 Thread 0x000001d76bf9c8c0 Thread exited: 0x000001d76bf9c8c0


Dynamic libraries:
0x00007ff7847d0000 - 0x00007ff7847de000 	E:\sts-4.25.0.RELEASE\plugins\org.eclipse.justj.openjdk.hotspot.jre.full.win32.x86_64_21.0.4.v20240802-1551\jre\bin\javaw.exe
0x00007ff9ca320000 - 0x00007ff9ca587000 	C:\WINDOWS\SYSTEM32\ntdll.dll
0x00007ff9c9db0000 - 0x00007ff9c9e79000 	C:\WINDOWS\System32\KERNEL32.DLL
0x00007ff9c7a80000 - 0x00007ff9c7e70000 	C:\WINDOWS\System32\KERNELBASE.dll
0x00007ff9c7450000 - 0x00007ff9c759b000 	C:\WINDOWS\System32\ucrtbase.dll
0x00007ff9aa6a0000 - 0x00007ff9aa6b8000 	E:\sts-4.25.0.RELEASE\plugins\org.eclipse.justj.openjdk.hotspot.jre.full.win32.x86_64_21.0.4.v20240802-1551\jre\bin\jli.dll
0x00007ff9a7d10000 - 0x00007ff9a7d2b000 	E:\sts-4.25.0.RELEASE\plugins\org.eclipse.justj.openjdk.hotspot.jre.full.win32.x86_64_21.0.4.v20240802-1551\jre\bin\VCRUNTIME140.dll
0x00007ff9c9e80000 - 0x00007ff9ca045000 	C:\WINDOWS\System32\USER32.dll
0x00007ff9c75a0000 - 0x00007ff9c75c7000 	C:\WINDOWS\System32\win32u.dll
0x00007ff9ad230000 - 0x00007ff9ad4ca000 	C:\WINDOWS\WinSxS\amd64_microsoft.windows.common-controls_6595b64144ccf1df_6.0.26100.4768_none_3e0c112ce331287c\COMCTL32.dll
0x00007ff9c8990000 - 0x00007ff9c89bb000 	C:\WINDOWS\System32\GDI32.dll
0x00007ff9c8830000 - 0x00007ff9c88d9000 	C:\WINDOWS\System32\msvcrt.dll
0x00007ff9c75d0000 - 0x00007ff9c7708000 	C:\WINDOWS\System32\gdi32full.dll
0x00007ff9c8000000 - 0x00007ff9c80a3000 	C:\WINDOWS\System32\msvcp_win.dll
0x00007ff9c9cc0000 - 0x00007ff9c9cef000 	C:\WINDOWS\System32\IMM32.DLL
0x00007ff9ab3e0000 - 0x00007ff9ab3ec000 	E:\sts-4.25.0.RELEASE\plugins\org.eclipse.justj.openjdk.hotspot.jre.full.win32.x86_64_21.0.4.v20240802-1551\jre\bin\vcruntime140_1.dll
0x00007ff9955c0000 - 0x00007ff99564e000 	E:\sts-4.25.0.RELEASE\plugins\org.eclipse.justj.openjdk.hotspot.jre.full.win32.x86_64_21.0.4.v20240802-1551\jre\bin\msvcp140.dll
0x00007ff955790000 - 0x00007ff956518000 	E:\sts-4.25.0.RELEASE\plugins\org.eclipse.justj.openjdk.hotspot.jre.full.win32.x86_64_21.0.4.v20240802-1551\jre\bin\server\jvm.dll
0x00007ff9c89f0000 - 0x00007ff9c8aa4000 	C:\WINDOWS\System32\ADVAPI32.dll
0x00007ff9c88e0000 - 0x00007ff9c8986000 	C:\WINDOWS\System32\sechost.dll
0x00007ff9c9ba0000 - 0x00007ff9c9cb8000 	C:\WINDOWS\System32\RPCRT4.dll
0x00007ff9ca260000 - 0x00007ff9ca2d4000 	C:\WINDOWS\System32\WS2_32.dll
0x00007ff9c72b0000 - 0x00007ff9c730e000 	C:\WINDOWS\SYSTEM32\POWRPROF.dll
0x00007ff9b9ae0000 - 0x00007ff9b9aeb000 	C:\WINDOWS\SYSTEM32\VERSION.dll
0x00007ff9b76f0000 - 0x00007ff9b7725000 	C:\WINDOWS\SYSTEM32\WINMM.dll
0x00007ff9c7290000 - 0x00007ff9c72a4000 	C:\WINDOWS\SYSTEM32\UMPDC.dll
0x00007ff9c6190000 - 0x00007ff9c61ab000 	C:\WINDOWS\SYSTEM32\kernel.appcore.dll
0x00007ff9c0f60000 - 0x00007ff9c0f6a000 	E:\sts-4.25.0.RELEASE\plugins\org.eclipse.justj.openjdk.hotspot.jre.full.win32.x86_64_21.0.4.v20240802-1551\jre\bin\jimage.dll
0x00007ff9c4bb0000 - 0x00007ff9c4df1000 	C:\WINDOWS\SYSTEM32\DBGHELP.DLL
0x00007ff9c80b0000 - 0x00007ff9c8435000 	C:\WINDOWS\System32\combase.dll
0x00007ff9ca070000 - 0x00007ff9ca150000 	C:\WINDOWS\System32\OLEAUT32.dll
0x00007ff9aa120000 - 0x00007ff9aa163000 	C:\WINDOWS\SYSTEM32\dbgcore.DLL
0x00007ff9c79e0000 - 0x00007ff9c7a79000 	C:\WINDOWS\System32\bcryptPrimitives.dll
0x00007ff995580000 - 0x00007ff9955bc000 	E:\sts-4.25.0.RELEASE\plugins\org.eclipse.justj.openjdk.hotspot.jre.full.win32.x86_64_21.0.4.v20240802-1551\jre\bin\jdwp.dll
0x00007ff9bf4f0000 - 0x00007ff9bf4ff000 	E:\sts-4.25.0.RELEASE\plugins\org.eclipse.justj.openjdk.hotspot.jre.full.win32.x86_64_21.0.4.v20240802-1551\jre\bin\instrument.dll
0x00007ff9aa680000 - 0x00007ff9aa69f000 	E:\sts-4.25.0.RELEASE\plugins\org.eclipse.justj.openjdk.hotspot.jre.full.win32.x86_64_21.0.4.v20240802-1551\jre\bin\java.dll
0x00007ff9a8de0000 - 0x00007ff9a8df8000 	E:\sts-4.25.0.RELEASE\plugins\org.eclipse.justj.openjdk.hotspot.jre.full.win32.x86_64_21.0.4.v20240802-1551\jre\bin\zip.dll
0x00007ff9c8bb0000 - 0x00007ff9c92fd000 	C:\WINDOWS\System32\SHELL32.dll
0x00007ff9c7860000 - 0x00007ff9c79d3000 	C:\WINDOWS\System32\wintypes.dll
0x00007ff9c5010000 - 0x00007ff9c5870000 	C:\WINDOWS\SYSTEM32\windows.storage.dll
0x00007ff9c9a50000 - 0x00007ff9c9b45000 	C:\WINDOWS\System32\SHCORE.dll
0x00007ff9c99e0000 - 0x00007ff9c9a4a000 	C:\WINDOWS\System32\shlwapi.dll
0x00007ff9c7370000 - 0x00007ff9c7399000 	C:\WINDOWS\SYSTEM32\profapi.dll
0x00007ff9b1980000 - 0x00007ff9b198b000 	E:\sts-4.25.0.RELEASE\plugins\org.eclipse.justj.openjdk.hotspot.jre.full.win32.x86_64_21.0.4.v20240802-1551\jre\bin\dt_socket.dll
0x00007ff9c5b80000 - 0x00007ff9c5bb3000 	C:\WINDOWS\SYSTEM32\IPHLPAPI.DLL
0x00007ff9c6700000 - 0x00007ff9c676b000 	C:\WINDOWS\system32\mswsock.dll
0x00007ff9c5c10000 - 0x00007ff9c5d36000 	C:\WINDOWS\SYSTEM32\DNSAPI.dll
0x00007ff9c9820000 - 0x00007ff9c982a000 	C:\WINDOWS\System32\NSI.dll
0x00007ff9b9c60000 - 0x00007ff9b9c6b000 	C:\Windows\System32\rasadhlp.dll
0x00007ff9b9a50000 - 0x00007ff9b9ad6000 	C:\WINDOWS\System32\fwpuclnt.dll
0x00007ff9b1960000 - 0x00007ff9b1970000 	E:\sts-4.25.0.RELEASE\plugins\org.eclipse.justj.openjdk.hotspot.jre.full.win32.x86_64_21.0.4.v20240802-1551\jre\bin\net.dll
0x00007ff9ba1f0000 - 0x00007ff9ba30e000 	C:\WINDOWS\SYSTEM32\WINHTTP.dll
0x00007ff9a8c60000 - 0x00007ff9a8c76000 	E:\sts-4.25.0.RELEASE\plugins\org.eclipse.justj.openjdk.hotspot.jre.full.win32.x86_64_21.0.4.v20240802-1551\jre\bin\nio.dll
0x00007ff9a9680000 - 0x00007ff9a968a000 	E:\sts-4.25.0.RELEASE\plugins\org.eclipse.justj.openjdk.hotspot.jre.full.win32.x86_64_21.0.4.v20240802-1551\jre\bin\management.dll
0x00007ff9a9400000 - 0x00007ff9a940b000 	E:\sts-4.25.0.RELEASE\plugins\org.eclipse.justj.openjdk.hotspot.jre.full.win32.x86_64_21.0.4.v20240802-1551\jre\bin\management_ext.dll
0x00007ff9ca160000 - 0x00007ff9ca168000 	C:\WINDOWS\System32\PSAPI.DLL
0x00007ff9a5880000 - 0x00007ff9a5898000 	C:\WINDOWS\system32\napinsp.dll
0x00007ff9a57b0000 - 0x00007ff9a57c2000 	C:\WINDOWS\System32\winrnr.dll
0x00007ff9a5770000 - 0x00007ff9a57a0000 	C:\WINDOWS\system32\nlansp_c.dll
0x00007ff9bd400000 - 0x00007ff9bd420000 	C:\WINDOWS\system32\wshbth.dll
0x00007ff9c6ae0000 - 0x00007ff9c6afb000 	C:\WINDOWS\SYSTEM32\CRYPTSP.dll
0x00007ff9c60f0000 - 0x00007ff9c612b000 	C:\WINDOWS\system32\rsaenh.dll
0x00007ff9c67a0000 - 0x00007ff9c67cb000 	C:\WINDOWS\SYSTEM32\USERENV.dll
0x00007ff9c7340000 - 0x00007ff9c7366000 	C:\WINDOWS\SYSTEM32\bcrypt.dll
0x00007ff9c6940000 - 0x00007ff9c694c000 	C:\WINDOWS\SYSTEM32\CRYPTBASE.dll
0x00007ff9aac90000 - 0x00007ff9aac99000 	E:\sts-4.25.0.RELEASE\plugins\org.eclipse.justj.openjdk.hotspot.jre.full.win32.x86_64_21.0.4.v20240802-1551\jre\bin\extnet.dll
0x00007ff9ac630000 - 0x00007ff9ac640000 	E:\sts-4.25.0.RELEASE\plugins\org.eclipse.justj.openjdk.hotspot.jre.full.win32.x86_64_21.0.4.v20240802-1551\jre\bin\verify.dll
0x00007ff9c0f70000 - 0x00007ff9c0f7e000 	E:\sts-4.25.0.RELEASE\plugins\org.eclipse.justj.openjdk.hotspot.jre.full.win32.x86_64_21.0.4.v20240802-1551\jre\bin\sunmscapi.dll
0x00007ff9c7e80000 - 0x00007ff9c7ff7000 	C:\WINDOWS\System32\CRYPT32.dll
0x00007ff9c6c40000 - 0x00007ff9c6c70000 	C:\WINDOWS\SYSTEM32\ncrypt.dll
0x00007ff9c6bf0000 - 0x00007ff9c6c2f000 	C:\WINDOWS\SYSTEM32\NTASN1.dll
0x00007ff9a8dd0000 - 0x00007ff9a8dd8000 	C:\WINDOWS\system32\wshunix.dll

dbghelp: loaded successfully - version: 4.0.5 - missing functions: none
symbol engine: initialized successfully - sym options: 0x614 - pdb path: .;E:\sts-4.25.0.RELEASE\plugins\org.eclipse.justj.openjdk.hotspot.jre.full.win32.x86_64_21.0.4.v20240802-1551\jre\bin;C:\WINDOWS\SYSTEM32;C:\WINDOWS\WinSxS\amd64_microsoft.windows.common-controls_6595b64144ccf1df_6.0.26100.4768_none_3e0c112ce331287c;E:\sts-4.25.0.RELEASE\plugins\org.eclipse.justj.openjdk.hotspot.jre.full.win32.x86_64_21.0.4.v20240802-1551\jre\bin\server

VM Arguments:
jvm_args: -XX:+ShowCodeDetailsInExceptionMessages -agentlib:jdwp=transport=dt_socket,suspend=y,address=localhost:63852 -Dcom.sun.management.jmxremote -Dcom.sun.management.jmxremote.port=63847 -Dcom.sun.management.jmxremote.authenticate=false -Dcom.sun.management.jmxremote.ssl=false -Djava.rmi.server.hostname=localhost -Dspring.jmx.enabled=true -Dmanagement.endpoints.jmx.exposure.include=* -Dspring.application.admin.enabled=true -XX:TieredStopAtLevel=1 -Dspring.boot.project.name=Lead_App -javaagent:E:\sts-4.25.0.RELEASE\configuration\org.eclipse.osgi\270\0\.cp\lib\javaagent-shaded.jar -Dfile.encoding=UTF-8 -Dstdout.encoding=UTF-8 -Dstderr.encoding=UTF-8 
java_command: com.lead.LeadAppApplication --spring.output.ansi.enabled=always
java_class_path (initial): D:\CODE\STS Code\Lead_App\target\classes;C:\Users\mihus\.m2\repository\org\springframework\boot\spring-boot-starter-data-jpa\2.7.17\spring-boot-starter-data-jpa-2.7.17.jar;C:\Users\mihus\.m2\repository\org\springframework\boot\spring-boot-starter-aop\2.7.17\spring-boot-starter-aop-2.7.17.jar;C:\Users\mihus\.m2\repository\org\springframework\spring-aop\5.3.30\spring-aop-5.3.30.jar;C:\Users\mihus\.m2\repository\org\aspectj\aspectjweaver\1.9.7\aspectjweaver-1.9.7.jar;C:\Users\mihus\.m2\repository\org\springframework\boot\spring-boot-starter-jdbc\2.7.17\spring-boot-starter-jdbc-2.7.17.jar;C:\Users\mihus\.m2\repository\com\zaxxer\HikariCP\4.0.3\HikariCP-4.0.3.jar;C:\Users\mihus\.m2\repository\org\springframework\spring-jdbc\5.3.30\spring-jdbc-5.3.30.jar;C:\Users\mihus\.m2\repository\jakarta\transaction\jakarta.transaction-api\1.3.3\jakarta.transaction-api-1.3.3.jar;C:\Users\mihus\.m2\repository\jakarta\persistence\jakarta.persistence-api\2.2.3\jakarta.persistence-api-2.2.3.jar;C:\Users\mihus\.m2\repository\org\hibernate\hibernate-core\5.6.15.Final\hibernate-core-5.6.15.Final.jar;C:\Users\mihus\.m2\repository\org\jboss\logging\jboss-logging\3.4.3.Final\jboss-logging-3.4.3.Final.jar;C:\Users\mihus\.m2\repository\net\bytebuddy\byte-buddy\1.12.23\byte-buddy-1.12.23.jar;C:\Users\mihus\.m2\repository\antlr\antlr\2.7.7\antlr-2.7.7.jar;C:\Users\mihus\.m2\repository\org\jboss\jandex\2.4.2.Final\jandex-2.4.2.Final.jar;C:\Users\mihus\.m2\repository\com\fasterxml\classmate\1.5.1\classmate-1.5.1.jar;C:\Users\mihus\.m2\repository\org\hibernate\common\hibernate-commons-annotations\5.1.2.Final\hibernate-commons-annotations-5.1.2.Final.jar;C:\Users\mihus\.m2\repository\org\glassfish\jaxb\jaxb-runtime\2.3.8\jaxb-runtime-2.3.8.jar;C:\Users\mihus\.m2\repository\org\glassfish\jaxb\txw2\2.3.8\txw2-2.3.8.jar;C:\Users\mihus\.m2\repository\com\sun\istack\istack-commons-runtime\3.0.12\istack-commons-runtime-3.0.12.jar;C:\Users\mihus\.m2\repository\com\sun\activation\jakarta.activation\1.2.2\jakarta.activation-1.2.2.jar;C:\Users\mihus\.m2\repository\org\springframework\data\spring-data-jpa\2.7.17\spring-data-jpa-2.7.17.jar;C:\Users\mihus\.m2\repository\org\springframework\data\spring-data-commons\2.7.17\spring-data-commons-2.7.17.jar;C:\Users\mihus\.m2\repository\org\springframework\spring-orm\5.3.30\spring-orm-5.3.30.jar;C:\Users\mihus\.m2\repository\org\springframework\spring-context\5.3.30\spring-context-5.3.30.jar;C:\Users\mihus\.m2\repository\org\springframework\spring-tx\5.3.30\spring-tx-5.3.30.jar;C:\Users\mihus\.m2\repository\org\springframework\spring-beans\5.3.30\spring-beans-5.3.30.jar;C:\Users\mihus\.m2\repository\org\slf4j\slf4j-api\1.7.36\slf4j-api-1.7.36.jar;C:\Users\mihus\.m2\repository\org\springframework\spring-aspects\5.3.30\spring-aspects-5.3.30.jar;C:\Users\mihus\.m2\repository\org\springframework\boot\spring-boot-starter-web\2.7.17\spring-boot-starter-web-2.7.17.jar;C:\Users\mihus\.m2\repository\org\springframework\boot\spring-boot-starter\2.7.17\spring-boot-starter-2.7.17.jar;C:\Users\mihus\.m2\repository\org\springframework\boot\spring-boot-starter-logging\2.7.17\spring-boot-starter-logging-2.7.17.jar;C:\Users\mihus\.m2\repository\ch\qos\logback\logback-classic\1.2.12\logback-classic-1.2.12.jar;C:\Users\mihus\.m2\repository\ch\qos\logback\logback-core\1.2.12\logback-core-1.2.12.jar;C:\Users\mihus\.m2\repository\org\apache\logging\log4j\log4j-to-slf4j\2.17.2\log4j-to-slf4j-2.17.2.jar;C:\Users\mihus\.m2\repository\org\apache\logging\log4j\log4j-api\2.17.2\log4j-api-2.17.2.jar;C:\Users\mihus\.m2\repository\org\slf4j\jul-to-slf4j\1.7.36\jul-to-slf4j-1.7.36.jar;C:\Users\mihus\.m2\repository\jakarta\annotation\jakarta.annotation-api\1.3.5\jakarta.annotation-api-1.3.5.jar;C:\Users\mihus\.m2\repository\org\yaml\snakeyaml\1.30\snakeyaml-1.30.jar;C:\Users\mihus\.m2\repository\org\springframework\boot\spring-boot-starter-json\2.7.17\spring-boot-starter-json-2.7.17.jar;C:\Users\mihus\.m2\repository\com\fasterxml\jackson\core\jackson-databind\2.13.5\jackson-databind-2.13.5.jar;C:\Users\mihus\.m2\repository\com\fasterxml\jackson\core\jackson-annotations\2.13.5\jackson-annotations-2.13.5.jar;C:\Users\mihus\.m2\repository\com\fasterxml\jackson\core\jackson-core\2.13.5\jackson-core-2.13.5.jar;C:\Users\mihus\.m2\repository\com\fasterxml\jackson\datatype\jackson-datatype-jdk8\2.13.5\jackson-datatype-jdk8-2.13.5.jar;C:\Users\mihus\.m2\repository\com\fasterxml\jackson\datatype\jackson-datatype-jsr310\2.13.5\jackson-datatype-jsr310-2.13.5.jar;C:\Users\mihus\.m2\repository\com\fasterxml\jackson\module\jackson-module-parameter-names\2.13.5\jackson-module-parameter-names-2.13.5.jar;C:\Users\mihus\.m2\repository\org\springframework\boot\spring-boot-starter-tomcat\2.7.17\spring-boot-starter-tomcat-2.7.17.jar;C:\Users\mihus\.m2\repository\org\apache\tomcat\embed\tomcat-embed-websocket\9.0.82\tomcat-embed-websocket-9.0.82.jar;C:\Users\mihus\.m2\repository\org\springframework\spring-web\5.3.30\spring-web-5.3.30.jar;C:\Users\mihus\.m2\repository\org\springframework\spring-webmvc\5.3.30\spring-webmvc-5.3.30.jar;C:\Users\mihus\.m2\repository\org\springframework\spring-expression\5.3.30\spring-expression-5.3.30.jar;C:\Users\mihus\.m2\repository\org\springframework\boot\spring-boot-devtools\2.7.17\spring-boot-devtools-2.7.17.jar;C:\Users\mihus\.m2\repository\org\springframework\boot\spring-boot\2.7.17\spring-boot-2.7.17.jar;C:\Users\mihus\.m2\repository\org\springframework\boot\spring-boot-autoconfigure\2.7.17\spring-boot-autoconfigure-2.7.17.jar;C:\Users\mihus\.m2\repository\com\mysql\mysql-connector-j\8.0.33\mysql-connector-j-8.0.33.jar;C:\Users\mihus\.m2\repository\org\projectlombok\lombok\1.18.30\lombok-1.18.30.jar;C:\Users\mihus\.m2\repository\jakarta\xml\bind\jakarta.xml.bind-api\2.3.3\jakarta.xml.bind-api-2.3.3.jar;C:\Users\mihus\.m2\repository\jakarta\activation\jakarta.activation-api\1.2.2\jakarta.activation-api-1.2.2.jar;C:\Users\mihus\.m2\repository\org\springframework\spring-core\5.3.30\spring-core-5.3.30.jar;C:\Users\mihus\.m2\repository\org\springframework\spring-jcl\5.3.30\spring-jcl-5.3.30.jar;C:\Users\mihus\.m2\repository\org\apache\tomcat\embed\tomcat-embed-jasper\9.0.82\tomcat-embed-jasper-9.0.82.jar;C:\Users\mihus\.m2\repository\org\apache\tomcat\embed\tomcat-embed-core\9.0.82\tomcat-embed-core-9.0.82.jar;C:\Users\mihus\.m2\repository\org\apache\tomcat\tomcat-annotations-api\9.0.82\tomcat-annotations-api-9.0.82.jar;C:\Users\mihus\.m2\repository\org\apache\tomcat\embed\tomcat-embed-el\9.0.82\tomcat-embed-el-9.0.82.jar;C:\Users\mihus\.m2\repository\org\eclipse\jdt\ecj\3.26.0\ecj-3.26.0.jar;C:\Users\mihus\.m2\repository\javax\servlet\jstl\1.2\jstl-1.2.jar
Launcher Type: SUN_STANDARD

[Global flags]
     intx CICompilerCount                          = 4                                         {product} {ergonomic}
     uint ConcGCThreads                            = 2                                         {product} {ergonomic}
     uint G1ConcRefinementThreads                  = 8                                         {product} {ergonomic}
   size_t G1HeapRegionSize                         = 1048576                                   {product} {ergonomic}
    uintx GCDrainStackTargetSize                   = 64                                        {product} {ergonomic}
   size_t InitialHeapSize                          = 134217728                                 {product} {ergonomic}
     bool ManagementServer                         = true                                      {product} {command line}
   size_t MarkStackSize                            = 4194304                                   {product} {ergonomic}
   size_t MaxHeapSize                              = 2116026368                                {product} {ergonomic}
   size_t MaxNewSize                               = 1268776960                                {product} {ergonomic}
   size_t MinHeapDeltaBytes                        = 1048576                                   {product} {ergonomic}
   size_t MinHeapSize                              = 8388608                                   {product} {ergonomic}
    uintx NonNMethodCodeHeapSize                   = 4096                                   {pd product} {ergonomic}
    uintx NonProfiledCodeHeapSize                  = 0                                      {pd product} {ergonomic}
     bool ProfileInterpreter                       = false                                  {pd product} {command line}
    uintx ProfiledCodeHeapSize                     = 0                                      {pd product} {ergonomic}
     bool ShowCodeDetailsInExceptionMessages       = true                                   {manageable} {command line}
   size_t SoftMaxHeapSize                          = 2116026368                             {manageable} {ergonomic}
     intx TieredStopAtLevel                        = 1                                         {product} {command line}
     bool UseCompressedOops                        = true                           {product lp64_product} {ergonomic}
     bool UseG1GC                                  = true                                      {product} {ergonomic}
     bool UseLargePagesIndividualAllocation        = false                                  {pd product} {ergonomic}

Logging:
Log output configuration:
 #0: stdout all=warning uptime,level,tags foldmultilines=false
 #1: stderr all=off uptime,level,tags foldmultilines=false

Environment Variables:
PATH=E:\sts-4.25.0.RELEASE\plugins\org.eclipse.justj.openjdk.hotspot.jre.full.win32.x86_64_21.0.4.v20240802-1551\jre\bin;E:/sts-4.25.0.RELEASE//plugins/org.eclipse.justj.openjdk.hotspot.jre.full.win32.x86_64_21.0.4.v20240802-1551/jre/bin/server;E:/sts-4.25.0.RELEASE//plugins/org.eclipse.justj.openjdk.hotspot.jre.full.win32.x86_64_21.0.4.v20240802-1551/jre/bin;C:\Program Files\Common Files\Oracle\Java\javapath;C:\WINDOWS\system32;C:\WINDOWS;C:\WINDOWS\System32\Wbem;C:\WINDOWS\System32\WindowsPowerShell\v1.0\;C:\WINDOWS\System32\OpenSSH\;C:\Program Files\nodejs\;C:\Program Files\MySQL\MySQL Server 8.0\bin;C:\Users\mihus\Downloads\Compressed\apache-maven-3.9.9-bin\apache-maven-3.9.9\bin;C:\Program Files\Docker\Docker\resources\bin;C:\Program Files\Git\cmd;C:\ProgramData\chocolatey\bin;C:\Program Files\Vagrant\bin;C:\ProgramData\chocolatey\lib\maven\apache-maven-3.9.9\bin;C:\Program Files\Amazon\AWSCLIV2\;C:\Program Files\MySQL\MySQL Shell 8.0\bin\;C:\Users\mihus\AppData\Local\Microsoft\WindowsApps;C:\Users\mihus\AppData\Local\Programs\Microsoft VS Code\bin;C:\Users\mihus\AppData\Roaming\npm;C:\Program Files\Oracle\VirtualBox;C:\kafka\bin;C:\Program Files\Java\jdk-21\bin;;E:\sts-4.25.0.RELEASE;
USERNAME=mihus
OS=Windows_NT
PROCESSOR_IDENTIFIER=Intel64 Family 6 Model 142 Stepping 10, GenuineIntel
TMP=C:\Users\mihus\AppData\Local\Temp
TEMP=C:\Users\mihus\AppData\Local\Temp




Periodic native trim disabled

---------------  S Y S T E M  ---------------

OS:
 Windows 11 , 64 bit Build 26100 (10.0.26100.4768)
OS uptime: 1 days 8:36 hours
Hyper-V role detected

CPU: total 8 (initial active 8) (4 cores per cpu, 2 threads per core) family 6 model 142 stepping 10 microcode 0xe0, cx8, cmov, fxsr, ht, mmx, 3dnowpref, sse, sse2, sse3, ssse3, sse4.1, sse4.2, popcnt, lzcnt, tsc, tscinvbit, avx, avx2, aes, erms, clmul, bmi1, bmi2, adx, fma, vzeroupper, clflush, clflushopt, hv, rdtscp, f16c
Processor Information for all 8 processors :
  Max Mhz: 1992, Current Mhz: 1792, Mhz Limit: 1792

Memory: 4k page, system-wide physical 8070M (1276M free)
TotalPageFile size 14214M (AvailPageFile size 3804M)
current process WorkingSet (physical memory assigned to process): 233M, peak: 288M
current process commit charge ("private bytes"): 299M, peak: 412M

vm_info: OpenJDK 64-Bit Server VM (21.0.4+7-LTS) for windows-amd64 JRE (21.0.4+7-LTS), built on 2024-07-16T00:00:00Z by "admin" with MS VC++ 17.7 (VS2022)

END.
